#
# There is insufficient memory for the Java Runtime Environment to continue.
# Native memory allocation (mmap) failed to map 94371840 bytes. Error detail: G1 virtual space
# Possible reasons:
#   The system is out of physical RAM or swap space
#   This process is running with CompressedOops enabled, and the Java Heap may be blocking the growth of the native heap
# Possible solutions:
#   Reduce memory load on the system
#   Increase physical memory or swap space
#   Check if swap backing store is full
#   Decrease Java heap size (-Xmx/-Xms)
#   Decrease number of Java threads
#   Decrease Java thread stack sizes (-Xss)
#   Set larger code cache with -XX:ReservedCodeCacheSize=
#   JVM is running with Unscaled Compressed Oops mode in which the Java heap is
#     placed in the first 4GB address space. The Java Heap base address is the
#     maximum limit for the native heap growth. Please use -XX:HeapBaseMinAddress
#     to set the Java Heap base and to place the Java Heap above 4GB virtual address.
# This output file may be truncated or incomplete.
#
#  Out of Memory Error (os_windows.cpp:3825), pid=20420, tid=20864
#
# JRE version: OpenJDK Runtime Environment (17.0.11) (build 17.0.11+0--11852314)
# Java VM: OpenJDK 64-Bit Server VM (17.0.11+0--11852314, mixed mode, tiered, compressed oops, compressed class ptrs, g1 gc, windows-amd64)
# No core dump will be written. Minidumps are not enabled by default on client versions of Windows
#

---------------  S U M M A R Y ------------

Command Line: org.jetbrains.kotlin.cli.jvm.K2JVMCompiler @C:\Users\win 10\Upnews\app\build\20241221_8835421787184790658.compiler.options

Host: AMD Athlon Gold 3150U with Radeon Graphics     , 4 cores, 3G,  Windows 10 , 64 bit Build 19041 (10.0.19041.5198)
Time: Sat Dec 21 19:07:09 2024 SE Asia Standard Time elapsed time: 33.622397 seconds (0d 0h 0m 33s)

---------------  T H R E A D  ---------------

Current thread (0x00000175eda4e810):  VMThread "VM Thread" [stack: 0x0000003090b00000,0x0000003090c00000] [id=20864]

Stack: [0x0000003090b00000,0x0000003090c00000]
Native frames: (J=compiled Java code, j=interpreted, Vv=VM code, C=native code)
V  [jvm.dll+0x687bb9]
V  [jvm.dll+0x84142a]
V  [jvm.dll+0x8430ae]
V  [jvm.dll+0x843713]
V  [jvm.dll+0x24a35f]
V  [jvm.dll+0x684989]
V  [jvm.dll+0x67923a]
V  [jvm.dll+0x30af0b]
V  [jvm.dll+0x3123b6]
V  [jvm.dll+0x361dfe]
V  [jvm.dll+0x36202f]
V  [jvm.dll+0x2e0d38]
V  [jvm.dll+0x2df144]
V  [jvm.dll+0x2de74c]
V  [jvm.dll+0x32305b]
V  [jvm.dll+0x847e0b]
V  [jvm.dll+0x848b42]
V  [jvm.dll+0x84905d]
V  [jvm.dll+0x849434]
V  [jvm.dll+0x849500]
V  [jvm.dll+0x7efa4a]
V  [jvm.dll+0x686a35]
C  [ucrtbase.dll+0x21bb2]
C  [KERNEL32.DLL+0x17374]
C  [ntdll.dll+0x4cc91]

VM_Operation (0x00000030905f1e70): G1CollectForAllocation, mode: safepoint, requested by thread 0x00000175ed98e050


---------------  P R O C E S S  ---------------

Threads class SMR info:
_java_thread_list=0x00000175847467e0, length=12, elements={
0x00000175ed98e050, 0x0000017584374520, 0x00000175843753a0, 0x00000175843d6560,
0x00000175843d7120, 0x00000175843d9af0, 0x00000175843da4b0, 0x00000175843db1a0,
0x00000175843e4bc0, 0x00000175846794f0, 0x00000175847705e0, 0x0000017584789010
}

Java Threads: ( => current thread )
  0x00000175ed98e050 JavaThread "main" [_thread_blocked, id=20312, stack(0x0000003090500000,0x0000003090600000)]
  0x0000017584374520 JavaThread "Reference Handler" daemon [_thread_blocked, id=20816, stack(0x0000003090c00000,0x0000003090d00000)]
  0x00000175843753a0 JavaThread "Finalizer" daemon [_thread_blocked, id=20796, stack(0x0000003090d00000,0x0000003090e00000)]
  0x00000175843d6560 JavaThread "Signal Dispatcher" daemon [_thread_blocked, id=20692, stack(0x0000003090e00000,0x0000003090f00000)]
  0x00000175843d7120 JavaThread "Attach Listener" daemon [_thread_blocked, id=20876, stack(0x0000003090f00000,0x0000003091000000)]
  0x00000175843d9af0 JavaThread "Service Thread" daemon [_thread_blocked, id=6184, stack(0x0000003091000000,0x0000003091100000)]
  0x00000175843da4b0 JavaThread "Monitor Deflation Thread" daemon [_thread_blocked, id=17620, stack(0x0000003091100000,0x0000003091200000)]
  0x00000175843db1a0 JavaThread "C2 CompilerThread0" daemon [_thread_blocked, id=21064, stack(0x0000003091200000,0x0000003091300000)]
  0x00000175843e4bc0 JavaThread "C1 CompilerThread0" daemon [_thread_blocked, id=21336, stack(0x0000003091300000,0x0000003091400000)]
  0x00000175846794f0 JavaThread "Sweeper thread" daemon [_thread_blocked, id=21016, stack(0x0000003091400000,0x0000003091500000)]
  0x00000175847705e0 JavaThread "Notification Thread" daemon [_thread_blocked, id=2492, stack(0x0000003091500000,0x0000003091600000)]
  0x0000017584789010 JavaThread "Common-Cleaner" daemon [_thread_blocked, id=21028, stack(0x0000003091700000,0x0000003091800000)]

Other Threads:
=>0x00000175eda4e810 VMThread "VM Thread" [stack: 0x0000003090b00000,0x0000003090c00000] [id=20864]
  0x0000017584770ed0 WatcherThread [stack: 0x0000003091600000,0x0000003091700000] [id=10664]
  0x00000175ed9c6c90 GCTaskThread "GC Thread#0" [stack: 0x0000003090600000,0x0000003090700000] [id=21380]
  0x00000175890f3020 GCTaskThread "GC Thread#1" [stack: 0x0000003091800000,0x0000003091900000] [id=20284]
  0x000001758914c5d0 GCTaskThread "GC Thread#2" [stack: 0x0000003091900000,0x0000003091a00000] [id=21172]
  0x000001758914c890 GCTaskThread "GC Thread#3" [stack: 0x0000003091a00000,0x0000003091b00000] [id=21036]
  0x00000175ed9ce960 ConcurrentGCThread "G1 Main Marker" [stack: 0x0000003090700000,0x0000003090800000] [id=21376]
  0x00000175ed9cf380 ConcurrentGCThread "G1 Conc#0" [stack: 0x0000003090800000,0x0000003090900000] [id=10368]
  0x00000175eda08ea0 ConcurrentGCThread "G1 Refine#0" [stack: 0x0000003090900000,0x0000003090a00000] [id=21108]
  0x00000175899478e0 ConcurrentGCThread "G1 Refine#1" [stack: 0x0000003091b00000,0x0000003091c00000] [id=21300]
  0x00000175eda098d0 ConcurrentGCThread "G1 Service" [stack: 0x0000003090a00000,0x0000003090b00000] [id=21104]

Threads with active compile tasks:
C2 CompilerThread0    33678 9159       4       org.jetbrains.kotlin.metadata.ProtoBuf$Annotation::isInitialized (73 bytes)
C1 CompilerThread0    33678 9160       3       org.jetbrains.kotlin.serialization.deserialization.MemberDeserializer::loadFunction (847 bytes)

VM state: at safepoint (normal execution)

VM Mutex/Monitor currently owned by a thread:  ([mutex/lock_event])
[0x00000175ed98ab90] Threads_lock - owner thread: 0x00000175eda4e810
[0x00000175ed989cf0] Heap_lock - owner thread: 0x00000175ed98e050

Heap address: 0x00000000c9400000, size: 876 MB, Compressed Oops mode: 32-bit

CDS archive(s) not mapped
Compressed class space mapped at: 0x0000000100000000-0x0000000140000000, reserved size: 1073741824
Narrow klass base: 0x0000000000000000, Narrow klass shift: 3, Narrow klass range: 0x140000000

GC Precious Log:
 CPUs: 4 total, 4 available
 Memory: 3499M
 Large Page Support: Disabled
 NUMA Support: Disabled
 Compressed Oops: Enabled (32-bit)
 Heap Region Size: 1M
 Heap Min Capacity: 8M
 Heap Initial Capacity: 56M
 Heap Max Capacity: 876M
 Pre-touch: Disabled
 Parallel Workers: 4
 Concurrent Workers: 1
 Concurrent Refinement Workers: 4
 Periodic GC: Disabled

Heap:
 garbage-first heap   total 92160K, used 57563K [0x00000000c9400000, 0x0000000100000000)
  region size 1024K, 3 young (3072K), 3 survivors (3072K)
 Metaspace       used 62467K, committed 62720K, reserved 1114112K
  class space    used 7197K, committed 7296K, reserved 1048576K

Heap Regions: E=young(eden), S=young(survivor), O=old, HS=humongous(starts), HC=humongous(continues), CS=collection set, F=free, OA=open archive, CA=closed archive, TAMS=top-at-mark-start (previous, next)
|   0|0x00000000c9400000, 0x00000000c9500000, 0x00000000c9500000|100%|HS|  |TAMS 0x00000000c9500000, 0x00000000c9500000| Complete 
|   1|0x00000000c9500000, 0x00000000c9600000, 0x00000000c9600000|100%|HC|  |TAMS 0x00000000c9600000, 0x00000000c9600000| Complete 
|   2|0x00000000c9600000, 0x00000000c9700000, 0x00000000c9700000|100%|HC|  |TAMS 0x00000000c9700000, 0x00000000c9700000| Complete 
|   3|0x00000000c9700000, 0x00000000c9800000, 0x00000000c9800000|100%|HC|  |TAMS 0x00000000c9800000, 0x00000000c9800000| Complete 
|   4|0x00000000c9800000, 0x00000000c9900000, 0x00000000c9900000|100%| O|  |TAMS 0x00000000c9900000, 0x00000000c9900000| Untracked 
|   5|0x00000000c9900000, 0x00000000c99fce00, 0x00000000c9a00000| 98%| O|  |TAMS 0x00000000c99fce00, 0x00000000c99fce00| Untracked 
|   6|0x00000000c9a00000, 0x00000000c9b00000, 0x00000000c9b00000|100%| O|  |TAMS 0x00000000c9a00000, 0x00000000c9b00000| Untracked 
|   7|0x00000000c9b00000, 0x00000000c9c00000, 0x00000000c9c00000|100%| O|  |TAMS 0x00000000c9c00000, 0x00000000c9c00000| Untracked 
|   8|0x00000000c9c00000, 0x00000000c9d00000, 0x00000000c9d00000|100%| O|  |TAMS 0x00000000c9d00000, 0x00000000c9d00000| Untracked 
|   9|0x00000000c9d00000, 0x00000000c9e00000, 0x00000000c9e00000|100%| O|  |TAMS 0x00000000c9e00000, 0x00000000c9e00000| Untracked 
|  10|0x00000000c9e00000, 0x00000000c9f00000, 0x00000000c9f00000|100%| O|  |TAMS 0x00000000c9f00000, 0x00000000c9f00000| Untracked 
|  11|0x00000000c9f00000, 0x00000000ca000000, 0x00000000ca000000|100%| O|  |TAMS 0x00000000ca000000, 0x00000000ca000000| Untracked 
|  12|0x00000000ca000000, 0x00000000ca100000, 0x00000000ca100000|100%| O|  |TAMS 0x00000000ca100000, 0x00000000ca100000| Untracked 
|  13|0x00000000ca100000, 0x00000000ca200000, 0x00000000ca200000|100%| O|  |TAMS 0x00000000ca200000, 0x00000000ca200000| Untracked 
|  14|0x00000000ca200000, 0x00000000ca300000, 0x00000000ca300000|100%| O|  |TAMS 0x00000000ca300000, 0x00000000ca300000| Untracked 
|  15|0x00000000ca300000, 0x00000000ca400000, 0x00000000ca400000|100%| O|  |TAMS 0x00000000ca400000, 0x00000000ca400000| Untracked 
|  16|0x00000000ca400000, 0x00000000ca500000, 0x00000000ca500000|100%| O|  |TAMS 0x00000000ca500000, 0x00000000ca500000| Untracked 
|  17|0x00000000ca500000, 0x00000000ca600000, 0x00000000ca600000|100%| O|  |TAMS 0x00000000ca600000, 0x00000000ca600000| Untracked 
|  18|0x00000000ca600000, 0x00000000ca700000, 0x00000000ca700000|100%| O|  |TAMS 0x00000000ca700000, 0x00000000ca700000| Untracked 
|  19|0x00000000ca700000, 0x00000000ca800000, 0x00000000ca800000|100%| O|  |TAMS 0x00000000ca800000, 0x00000000ca800000| Untracked 
|  20|0x00000000ca800000, 0x00000000ca900000, 0x00000000ca900000|100%| O|  |TAMS 0x00000000ca900000, 0x00000000ca900000| Untracked 
|  21|0x00000000ca900000, 0x00000000caa00000, 0x00000000caa00000|100%| O|  |TAMS 0x00000000caa00000, 0x00000000caa00000| Untracked 
|  22|0x00000000caa00000, 0x00000000cab00000, 0x00000000cab00000|100%| O|  |TAMS 0x00000000cab00000, 0x00000000cab00000| Untracked 
|  23|0x00000000cab00000, 0x00000000cac00000, 0x00000000cac00000|100%| O|  |TAMS 0x00000000cac00000, 0x00000000cac00000| Untracked 
|  24|0x00000000cac00000, 0x00000000cad00000, 0x00000000cad00000|100%| O|  |TAMS 0x00000000cad00000, 0x00000000cad00000| Untracked 
|  25|0x00000000cad00000, 0x00000000cae00000, 0x00000000cae00000|100%| O|  |TAMS 0x00000000cae00000, 0x00000000cae00000| Untracked 
|  26|0x00000000cae00000, 0x00000000caf00000, 0x00000000caf00000|100%|HS|  |TAMS 0x00000000caf00000, 0x00000000caf00000| Complete 
|  27|0x00000000caf00000, 0x00000000cb000000, 0x00000000cb000000|100%|HC|  |TAMS 0x00000000cb000000, 0x00000000cb000000| Complete 
|  28|0x00000000cb000000, 0x00000000cb100000, 0x00000000cb100000|100%| O|  |TAMS 0x00000000cb100000, 0x00000000cb100000| Untracked 
|  29|0x00000000cb100000, 0x00000000cb200000, 0x00000000cb200000|100%| O|  |TAMS 0x00000000cb200000, 0x00000000cb200000| Untracked 
|  30|0x00000000cb200000, 0x00000000cb300000, 0x00000000cb300000|100%| O|  |TAMS 0x00000000cb300000, 0x00000000cb300000| Untracked 
|  31|0x00000000cb300000, 0x00000000cb400000, 0x00000000cb400000|100%| O|  |TAMS 0x00000000cb400000, 0x00000000cb400000| Untracked 
|  32|0x00000000cb400000, 0x00000000cb500000, 0x00000000cb500000|100%| O|  |TAMS 0x00000000cb500000, 0x00000000cb500000| Untracked 
|  33|0x00000000cb500000, 0x00000000cb600000, 0x00000000cb600000|100%| O|  |TAMS 0x00000000cb600000, 0x00000000cb600000| Untracked 
|  34|0x00000000cb600000, 0x00000000cb700000, 0x00000000cb700000|100%| O|  |TAMS 0x00000000cb700000, 0x00000000cb700000| Untracked 
|  35|0x00000000cb700000, 0x00000000cb800000, 0x00000000cb800000|100%| O|  |TAMS 0x00000000cb800000, 0x00000000cb800000| Untracked 
|  36|0x00000000cb800000, 0x00000000cb900000, 0x00000000cb900000|100%| O|  |TAMS 0x00000000cb900000, 0x00000000cb900000| Untracked 
|  37|0x00000000cb900000, 0x00000000cba00000, 0x00000000cba00000|100%| O|  |TAMS 0x00000000cba00000, 0x00000000cba00000| Untracked 
|  38|0x00000000cba00000, 0x00000000cbb00000, 0x00000000cbb00000|100%| O|  |TAMS 0x00000000cbb00000, 0x00000000cbb00000| Untracked 
|  39|0x00000000cbb00000, 0x00000000cbc00000, 0x00000000cbc00000|100%| O|  |TAMS 0x00000000cbc00000, 0x00000000cbc00000| Untracked 
|  40|0x00000000cbc00000, 0x00000000cbd00000, 0x00000000cbd00000|100%| O|  |TAMS 0x00000000cbd00000, 0x00000000cbd00000| Untracked 
|  41|0x00000000cbd00000, 0x00000000cbe00000, 0x00000000cbe00000|100%| O|  |TAMS 0x00000000cbe00000, 0x00000000cbe00000| Untracked 
|  42|0x00000000cbe00000, 0x00000000cbf00000, 0x00000000cbf00000|100%| O|  |TAMS 0x00000000cbf00000, 0x00000000cbf00000| Untracked 
|  43|0x00000000cbf00000, 0x00000000cc000000, 0x00000000cc000000|100%| O|  |TAMS 0x00000000cc000000, 0x00000000cc000000| Untracked 
|  44|0x00000000cc000000, 0x00000000cc100000, 0x00000000cc100000|100%| O|  |TAMS 0x00000000cc100000, 0x00000000cc100000| Untracked 
|  45|0x00000000cc100000, 0x00000000cc139e00, 0x00000000cc200000| 22%| O|  |TAMS 0x00000000cc100000, 0x00000000cc100000| Untracked 
|  46|0x00000000cc200000, 0x00000000cc300000, 0x00000000cc300000|100%| O|  |TAMS 0x00000000cc300000, 0x00000000cc300000| Untracked 
|  47|0x00000000cc300000, 0x00000000cc400000, 0x00000000cc400000|100%| O|  |TAMS 0x00000000cc400000, 0x00000000cc400000| Untracked 
|  48|0x00000000cc400000, 0x00000000cc500000, 0x00000000cc500000|100%| O|  |TAMS 0x00000000cc500000, 0x00000000cc500000| Untracked 
|  49|0x00000000cc500000, 0x00000000cc600000, 0x00000000cc600000|100%| O|  |TAMS 0x00000000cc57ae00, 0x00000000cc600000| Untracked 
|  50|0x00000000cc600000, 0x00000000cc700000, 0x00000000cc700000|100%| O|  |TAMS 0x00000000cc600000, 0x00000000cc700000| Untracked 
|  51|0x00000000cc700000, 0x00000000cc800000, 0x00000000cc800000|100%| O|  |TAMS 0x00000000cc700000, 0x00000000cc800000| Untracked 
|  52|0x00000000cc800000, 0x00000000cc900000, 0x00000000cc900000|100%| O|  |TAMS 0x00000000cc800000, 0x00000000cc900000| Untracked 
|  53|0x00000000cc900000, 0x00000000cca00000, 0x00000000cca00000|100%| O|  |TAMS 0x00000000cc900000, 0x00000000cc9ec600| Untracked 
|  54|0x00000000cca00000, 0x00000000cca00000, 0x00000000ccb00000|  0%| F|  |TAMS 0x00000000cca00000, 0x00000000cca00000| Untracked 
|  55|0x00000000ccb00000, 0x00000000ccb00000, 0x00000000ccc00000|  0%| F|  |TAMS 0x00000000ccb00000, 0x00000000ccb00000| Untracked 
|  56|0x00000000ccc00000, 0x00000000ccc00000, 0x00000000ccd00000|  0%| F|  |TAMS 0x00000000ccc00000, 0x00000000ccc00000| Untracked 
|  57|0x00000000ccd00000, 0x00000000ccd00000, 0x00000000cce00000|  0%| F|  |TAMS 0x00000000ccd00000, 0x00000000ccd00000| Untracked 
|  58|0x00000000cce00000, 0x00000000cce00000, 0x00000000ccf00000|  0%| F|  |TAMS 0x00000000cce00000, 0x00000000cce00000| Untracked 
|  59|0x00000000ccf00000, 0x00000000ccf00000, 0x00000000cd000000|  0%| F|  |TAMS 0x00000000ccf00000, 0x00000000ccf00000| Untracked 
|  60|0x00000000cd000000, 0x00000000cd000000, 0x00000000cd100000|  0%| F|  |TAMS 0x00000000cd000000, 0x00000000cd000000| Untracked 
|  61|0x00000000cd100000, 0x00000000cd100000, 0x00000000cd200000|  0%| F|  |TAMS 0x00000000cd100000, 0x00000000cd100000| Untracked 
|  62|0x00000000cd200000, 0x00000000cd200000, 0x00000000cd300000|  0%| F|  |TAMS 0x00000000cd200000, 0x00000000cd200000| Untracked 
|  63|0x00000000cd300000, 0x00000000cd300000, 0x00000000cd400000|  0%| F|  |TAMS 0x00000000cd300000, 0x00000000cd300000| Untracked 
|  64|0x00000000cd400000, 0x00000000cd400000, 0x00000000cd500000|  0%| F|  |TAMS 0x00000000cd400000, 0x00000000cd400000| Untracked 
|  65|0x00000000cd500000, 0x00000000cd500000, 0x00000000cd600000|  0%| F|  |TAMS 0x00000000cd500000, 0x00000000cd500000| Untracked 
|  66|0x00000000cd600000, 0x00000000cd600000, 0x00000000cd700000|  0%| F|  |TAMS 0x00000000cd600000, 0x00000000cd600000| Untracked 
|  67|0x00000000cd700000, 0x00000000cd800000, 0x00000000cd800000|100%| S|CS|TAMS 0x00000000cd700000, 0x00000000cd700000| Complete 
|  68|0x00000000cd800000, 0x00000000cd900000, 0x00000000cd900000|100%| S|CS|TAMS 0x00000000cd800000, 0x00000000cd800000| Complete 
|  69|0x00000000cd900000, 0x00000000cda00000, 0x00000000cda00000|100%| S|CS|TAMS 0x00000000cd900000, 0x00000000cd900000| Complete 
|  70|0x00000000cda00000, 0x00000000cda00000, 0x00000000cdb00000|  0%| F|  |TAMS 0x00000000cda00000, 0x00000000cda00000| Untracked 
|  71|0x00000000cdb00000, 0x00000000cdb00000, 0x00000000cdc00000|  0%| F|  |TAMS 0x00000000cdb00000, 0x00000000cdb00000| Untracked 
|  72|0x00000000cdc00000, 0x00000000cdc00000, 0x00000000cdd00000|  0%| F|  |TAMS 0x00000000cdc00000, 0x00000000cdc00000| Untracked 
|  73|0x00000000cdd00000, 0x00000000cdd00000, 0x00000000cde00000|  0%| F|  |TAMS 0x00000000cdd00000, 0x00000000cdd00000| Untracked 
|  74|0x00000000cde00000, 0x00000000cde00000, 0x00000000cdf00000|  0%| F|  |TAMS 0x00000000cde00000, 0x00000000cde00000| Untracked 
|  75|0x00000000cdf00000, 0x00000000cdf00000, 0x00000000ce000000|  0%| F|  |TAMS 0x00000000cdf00000, 0x00000000cdf00000| Untracked 
|  76|0x00000000ce000000, 0x00000000ce000000, 0x00000000ce100000|  0%| F|  |TAMS 0x00000000ce000000, 0x00000000ce000000| Untracked 
|  77|0x00000000ce100000, 0x00000000ce100000, 0x00000000ce200000|  0%| F|  |TAMS 0x00000000ce100000, 0x00000000ce100000| Untracked 
|  78|0x00000000ce200000, 0x00000000ce200000, 0x00000000ce300000|  0%| F|  |TAMS 0x00000000ce200000, 0x00000000ce200000| Untracked 
|  79|0x00000000ce300000, 0x00000000ce300000, 0x00000000ce400000|  0%| F|  |TAMS 0x00000000ce300000, 0x00000000ce300000| Untracked 
|  80|0x00000000ce400000, 0x00000000ce400000, 0x00000000ce500000|  0%| F|  |TAMS 0x00000000ce400000, 0x00000000ce400000| Untracked 
|  81|0x00000000ce500000, 0x00000000ce500000, 0x00000000ce600000|  0%| F|  |TAMS 0x00000000ce500000, 0x00000000ce500000| Untracked 
|  82|0x00000000ce600000, 0x00000000ce600000, 0x00000000ce700000|  0%| F|  |TAMS 0x00000000ce600000, 0x00000000ce600000| Untracked 
|  83|0x00000000ce700000, 0x00000000ce700000, 0x00000000ce800000|  0%| F|  |TAMS 0x00000000ce700000, 0x00000000ce700000| Untracked 
|  84|0x00000000ce800000, 0x00000000ce800000, 0x00000000ce900000|  0%| F|  |TAMS 0x00000000ce800000, 0x00000000ce800000| Untracked 
|  85|0x00000000ce900000, 0x00000000ce900000, 0x00000000cea00000|  0%| F|  |TAMS 0x00000000ce900000, 0x00000000ce900000| Untracked 
|  86|0x00000000cea00000, 0x00000000cea00000, 0x00000000ceb00000|  0%| F|  |TAMS 0x00000000cea00000, 0x00000000cea00000| Untracked 
|  87|0x00000000ceb00000, 0x00000000ceb00000, 0x00000000cec00000|  0%| F|  |TAMS 0x00000000ceb00000, 0x00000000ceb00000| Untracked 
|  88|0x00000000cec00000, 0x00000000cec00000, 0x00000000ced00000|  0%| F|  |TAMS 0x00000000cec00000, 0x00000000cec00000| Untracked 
|  89|0x00000000ced00000, 0x00000000ced00000, 0x00000000cee00000|  0%| F|  |TAMS 0x00000000ced00000, 0x00000000ced00000| Untracked 

Card table byte_map: [0x0000017580000000,0x00000175801c0000] _byte_map_base: 0x000001757f9b6000

Marking Bits (Prev, Next): (CMBitMap*) 0x00000175ed9c72f0, (CMBitMap*) 0x00000175ed9c72b0
 Prev Bits: [0x0000017581130000, 0x0000017581ee0000)
 Next Bits: [0x0000017580380000, 0x0000017581130000)

Polling page: 0x00000175eb7e0000

Metaspace:

Usage:
  Non-class:     53.98 MB used.
      Class:      7.03 MB used.
       Both:     61.00 MB used.

Virtual space:
  Non-class space:       64.00 MB reserved,      54.12 MB ( 85%) committed,  1 nodes.
      Class space:        1.00 GB reserved,       7.12 MB ( <1%) committed,  1 nodes.
             Both:        1.06 GB reserved,      61.25 MB (  6%) committed. 

Chunk freelists:
   Non-Class:  9.88 MB
       Class:  8.83 MB
        Both:  18.70 MB

MaxMetaspaceSize: unlimited
CompressedClassSpaceSize: 1.00 GB
Initial GC threshold: 21.00 MB
Current GC threshold: 99.31 MB
CDS: off
MetaspaceReclaimPolicy: balanced
 - commit_granule_bytes: 65536.
 - commit_granule_words: 8192.
 - virtual_space_node_default_size: 8388608.
 - enlarge_chunks_in_place: 1.
 - new_chunks_are_fully_committed: 0.
 - uncommit_free_chunks: 1.
 - use_allocation_guard: 0.
 - handle_deallocations: 1.


Internal statistics:

num_allocs_failed_limit: 3.
num_arena_births: 274.
num_arena_deaths: 0.
num_vsnodes_births: 2.
num_vsnodes_deaths: 0.
num_space_committed: 978.
num_space_uncommitted: 0.
num_chunks_returned_to_freelist: 3.
num_chunks_taken_from_freelist: 2249.
num_chunk_merges: 3.
num_chunk_splits: 1810.
num_chunks_enlarged: 1576.
num_inconsistent_stats: 0.

CodeHeap 'non-profiled nmethods': size=120000Kb used=3996Kb max_used=3996Kb free=116003Kb
 bounds [0x00000175f8940000, 0x00000175f8d30000, 0x00000175ffe70000]
CodeHeap 'profiled nmethods': size=120000Kb used=23210Kb max_used=23210Kb free=96789Kb
 bounds [0x00000175f0e70000, 0x00000175f2520000, 0x00000175f83a0000]
CodeHeap 'non-nmethods': size=5760Kb used=1297Kb max_used=1346Kb free=4463Kb
 bounds [0x00000175f83a0000, 0x00000175f8610000, 0x00000175f8940000]
 total_blobs=8794 nmethods=8185 adapters=518
 compilation: enabled
              stopped_count=0, restarted_count=0
 full_count=0

Compilation events (20 events):
Event: 33.556 Thread 0x00000175843e4bc0 nmethod 9151 0x00000175f2519990 code [0x00000175f2519b80, 0x00000175f2519ed8]
Event: 33.557 Thread 0x00000175843e4bc0 9152       3       org.jetbrains.kotlin.contracts.EffectsExtractingVisitor::visitKtElement (10 bytes)
Event: 33.558 Thread 0x00000175843e4bc0 nmethod 9152 0x00000175f251a090 code [0x00000175f251a240, 0x00000175f251a468]
Event: 33.559 Thread 0x00000175843db1a0 nmethod 9147 0x00000175f8d26010 code [0x00000175f8d261a0, 0x00000175f8d26498]
Event: 33.559 Thread 0x00000175843db1a0 9146       4       org.jetbrains.kotlin.metadata.jvm.JvmProtoBuf$StringTableTypes$Record::<init> (7 bytes)
Event: 33.560 Thread 0x00000175843e4bc0 9153       3       org.jetbrains.kotlin.resolve.calls.smartcasts.IdentifierInfo$Expression::hashCode (8 bytes)
Event: 33.560 Thread 0x00000175843db1a0 nmethod 9146 0x00000175f8d26690 code [0x00000175f8d26820, 0x00000175f8d268c8]
Event: 33.560 Thread 0x00000175843e4bc0 nmethod 9153 0x00000175f251a510 code [0x00000175f251a6c0, 0x00000175f251a888]
Event: 33.570 Thread 0x00000175843e4bc0 9154       1       org.jetbrains.kotlin.resolve.calls.model.ResolvedLambdaAtom::getReturnType (5 bytes)
Event: 33.570 Thread 0x00000175843e4bc0 nmethod 9154 0x00000175f8d26990 code [0x00000175f8d26b20, 0x00000175f8d26bf8]
Event: 33.571 Thread 0x00000175843e4bc0 9155       1       org.jetbrains.kotlin.resolve.calls.model.ResolvedLambdaAtom::getExpectedType (5 bytes)
Event: 33.571 Thread 0x00000175843e4bc0 nmethod 9155 0x00000175f8d26c90 code [0x00000175f8d26e20, 0x00000175f8d26ef8]
Event: 33.583 Thread 0x00000175843db1a0 9156       4       org.jetbrains.kotlin.resolve.DelegatingBindingTrace::record (17 bytes)
Event: 33.584 Thread 0x00000175843db1a0 nmethod 9156 0x00000175f8d26f90 code [0x00000175f8d27120, 0x00000175f8d27208]
Event: 33.588 Thread 0x00000175843e4bc0 9157       3       org.jetbrains.kotlin.resolve.calls.util.CallMaker$3::getFunctionLiteralArguments (18 bytes)
Event: 33.588 Thread 0x00000175843e4bc0 nmethod 9157 0x00000175f251a990 code [0x00000175f251ab40, 0x00000175f251ad78]
Event: 33.589 Thread 0x00000175843e4bc0 9158       3       org.jetbrains.kotlin.com.intellij.psi.impl.source.tree.LazyParseablePsiElement::<init> (20 bytes)
Event: 33.590 Thread 0x00000175843e4bc0 nmethod 9158 0x00000175f251ae90 code [0x00000175f251b100, 0x00000175f251bab8]
Event: 33.592 Thread 0x00000175843db1a0 9159       4       org.jetbrains.kotlin.metadata.ProtoBuf$Annotation::isInitialized (73 bytes)
Event: 33.594 Thread 0x00000175843e4bc0 9160       3       org.jetbrains.kotlin.serialization.deserialization.MemberDeserializer::loadFunction (847 bytes)

GC Heap History (20 events):
Event: 22.975 GC heap after
{Heap after GC invocations=24 (full 0):
 garbage-first heap   total 65536K, used 38466K [0x00000000c9400000, 0x0000000100000000)
  region size 1024K, 2 young (2048K), 2 survivors (2048K)
 Metaspace       used 52782K, committed 52992K, reserved 1114112K
  class space    used 6300K, committed 6400K, reserved 1048576K
}
Event: 23.997 GC heap before
{Heap before GC invocations=25 (full 0):
 garbage-first heap   total 66560K, used 51778K [0x00000000c9400000, 0x0000000100000000)
  region size 1024K, 15 young (15360K), 2 survivors (2048K)
 Metaspace       used 53564K, committed 53824K, reserved 1114112K
  class space    used 6345K, committed 6464K, reserved 1048576K
}
Event: 24.011 GC heap after
{Heap after GC invocations=26 (full 0):
 garbage-first heap   total 66560K, used 41038K [0x00000000c9400000, 0x0000000100000000)
  region size 1024K, 2 young (2048K), 2 survivors (2048K)
 Metaspace       used 53564K, committed 53824K, reserved 1114112K
  class space    used 6345K, committed 6464K, reserved 1048576K
}
Event: 24.847 GC heap before
{Heap before GC invocations=26 (full 0):
 garbage-first heap   total 66560K, used 51278K [0x00000000c9400000, 0x0000000100000000)
  region size 1024K, 13 young (13312K), 2 survivors (2048K)
 Metaspace       used 54432K, committed 54656K, reserved 1114112K
  class space    used 6383K, committed 6464K, reserved 1048576K
}
Event: 24.858 GC heap after
{Heap after GC invocations=27 (full 0):
 garbage-first heap   total 79872K, used 43400K [0x00000000c9400000, 0x0000000100000000)
  region size 1024K, 2 young (2048K), 2 survivors (2048K)
 Metaspace       used 54432K, committed 54656K, reserved 1114112K
  class space    used 6383K, committed 6464K, reserved 1048576K
}
Event: 25.897 GC heap before
{Heap before GC invocations=28 (full 0):
 garbage-first heap   total 79872K, used 62856K [0x00000000c9400000, 0x0000000100000000)
  region size 1024K, 21 young (21504K), 2 survivors (2048K)
 Metaspace       used 55110K, committed 55360K, reserved 1114112K
  class space    used 6431K, committed 6528K, reserved 1048576K
}
Event: 25.912 GC heap after
{Heap after GC invocations=29 (full 0):
 garbage-first heap   total 79872K, used 46475K [0x00000000c9400000, 0x0000000100000000)
  region size 1024K, 3 young (3072K), 3 survivors (3072K)
 Metaspace       used 55110K, committed 55360K, reserved 1114112K
  class space    used 6431K, committed 6528K, reserved 1048576K
}
Event: 27.557 GC heap before
{Heap before GC invocations=29 (full 0):
 garbage-first heap   total 79872K, used 62859K [0x00000000c9400000, 0x0000000100000000)
  region size 1024K, 19 young (19456K), 3 survivors (3072K)
 Metaspace       used 57313K, committed 57536K, reserved 1114112K
  class space    used 6678K, committed 6784K, reserved 1048576K
}
Event: 27.576 GC heap after
{Heap after GC invocations=30 (full 0):
 garbage-first heap   total 79872K, used 48221K [0x00000000c9400000, 0x0000000100000000)
  region size 1024K, 2 young (2048K), 2 survivors (2048K)
 Metaspace       used 57313K, committed 57536K, reserved 1114112K
  class space    used 6678K, committed 6784K, reserved 1048576K
}
Event: 29.940 GC heap before
{Heap before GC invocations=31 (full 0):
 garbage-first heap   total 83968K, used 62557K [0x00000000c9400000, 0x0000000100000000)
  region size 1024K, 17 young (17408K), 2 survivors (2048K)
 Metaspace       used 59859K, committed 60096K, reserved 1114112K
  class space    used 7003K, committed 7104K, reserved 1048576K
}
Event: 29.951 GC heap after
{Heap after GC invocations=32 (full 0):
 garbage-first heap   total 83968K, used 50163K [0x00000000c9400000, 0x0000000100000000)
  region size 1024K, 3 young (3072K), 3 survivors (3072K)
 Metaspace       used 59859K, committed 60096K, reserved 1114112K
  class space    used 7003K, committed 7104K, reserved 1048576K
}
Event: 30.005 GC heap before
{Heap before GC invocations=32 (full 0):
 garbage-first heap   total 83968K, used 51187K [0x00000000c9400000, 0x0000000100000000)
  region size 1024K, 4 young (4096K), 3 survivors (3072K)
 Metaspace       used 59887K, committed 60096K, reserved 1114112K
  class space    used 7003K, committed 7104K, reserved 1048576K
}
Event: 30.036 GC heap after
{Heap after GC invocations=33 (full 0):
 garbage-first heap   total 83968K, used 50149K [0x00000000c9400000, 0x0000000100000000)
  region size 1024K, 1 young (1024K), 1 survivors (1024K)
 Metaspace       used 59887K, committed 60096K, reserved 1114112K
  class space    used 7003K, committed 7104K, reserved 1048576K
}
Event: 30.826 GC heap before
{Heap before GC invocations=33 (full 0):
 garbage-first heap   total 83968K, used 66533K [0x00000000c9400000, 0x0000000100000000)
  region size 1024K, 17 young (17408K), 1 survivors (1024K)
 Metaspace       used 60616K, committed 60864K, reserved 1114112K
  class space    used 7048K, committed 7168K, reserved 1048576K
}
Event: 30.833 GC heap after
{Heap after GC invocations=34 (full 0):
 garbage-first heap   total 83968K, used 52703K [0x00000000c9400000, 0x0000000100000000)
  region size 1024K, 3 young (3072K), 3 survivors (3072K)
 Metaspace       used 60616K, committed 60864K, reserved 1114112K
  class space    used 7048K, committed 7168K, reserved 1048576K
}
Event: 31.817 GC heap before
{Heap before GC invocations=35 (full 0):
 garbage-first heap   total 92160K, used 68063K [0x00000000c9400000, 0x0000000100000000)
  region size 1024K, 17 young (17408K), 3 survivors (3072K)
 Metaspace       used 61547K, committed 61760K, reserved 1114112K
  class space    used 7136K, committed 7232K, reserved 1048576K
}
Event: 31.847 GC heap after
{Heap after GC invocations=36 (full 0):
 garbage-first heap   total 92160K, used 54658K [0x00000000c9400000, 0x0000000100000000)
  region size 1024K, 2 young (2048K), 2 survivors (2048K)
 Metaspace       used 61547K, committed 61760K, reserved 1114112K
  class space    used 7136K, committed 7232K, reserved 1048576K
}
Event: 32.025 GC heap before
{Heap before GC invocations=36 (full 0):
 garbage-first heap   total 92160K, used 56706K [0x00000000c9400000, 0x0000000100000000)
  region size 1024K, 4 young (4096K), 2 survivors (2048K)
 Metaspace       used 61798K, committed 62080K, reserved 1114112K
  class space    used 7161K, committed 7296K, reserved 1048576K
}
Event: 32.043 GC heap after
{Heap after GC invocations=37 (full 0):
 garbage-first heap   total 92160K, used 54580K [0x00000000c9400000, 0x0000000100000000)
  region size 1024K, 1 young (1024K), 1 survivors (1024K)
 Metaspace       used 61798K, committed 62080K, reserved 1114112K
  class space    used 7161K, committed 7296K, reserved 1048576K
}
Event: 33.600 GC heap before
{Heap before GC invocations=37 (full 0):
 garbage-first heap   total 92160K, used 74036K [0x00000000c9400000, 0x0000000100000000)
  region size 1024K, 20 young (20480K), 1 survivors (1024K)
 Metaspace       used 62467K, committed 62720K, reserved 1114112K
  class space    used 7197K, committed 7296K, reserved 1048576K
}

Dll operation events (2 events):
Event: 0.080 Loaded shared library C:\Program Files\Android\Android Studio\jbr\bin\java.dll
Event: 8.655 Loaded shared library C:\Program Files\Android\Android Studio\jbr\bin\verify.dll

Deoptimization events (20 events):
Event: 33.230 Thread 0x00000175ed98e050 Uncommon trap: trap_request=0xffffffde fr.pc=0x00000175f8ba62f8 relative=0x0000000000000058
Event: 33.230 Thread 0x00000175ed98e050 Uncommon trap: reason=class_check action=maybe_recompile pc=0x00000175f8ba62f8 method=java.lang.invoke.Invokers$Holder.linkToTargetMethod(Ljava/lang/Object;Ljava/lang/Object;Ljava/lang/Object;)Ljava/lang/Object; @ 1 c2
Event: 33.230 Thread 0x00000175ed98e050 DEOPT PACKING pc=0x00000175f8ba62f8 sp=0x00000030905f5970
Event: 33.230 Thread 0x00000175ed98e050 DEOPT UNPACKING pc=0x00000175f83f69a3 sp=0x00000030905f58f8 mode 2
Event: 33.230 Thread 0x00000175ed98e050 Uncommon trap: trap_request=0xffffffde fr.pc=0x00000175f8ba62f8 relative=0x0000000000000058
Event: 33.230 Thread 0x00000175ed98e050 Uncommon trap: reason=class_check action=maybe_recompile pc=0x00000175f8ba62f8 method=java.lang.invoke.Invokers$Holder.linkToTargetMethod(Ljava/lang/Object;Ljava/lang/Object;Ljava/lang/Object;)Ljava/lang/Object; @ 1 c2
Event: 33.230 Thread 0x00000175ed98e050 DEOPT PACKING pc=0x00000175f8ba62f8 sp=0x00000030905f55a0
Event: 33.230 Thread 0x00000175ed98e050 DEOPT UNPACKING pc=0x00000175f83f69a3 sp=0x00000030905f5528 mode 2
Event: 33.242 Thread 0x00000175ed98e050 Uncommon trap: trap_request=0xffffffde fr.pc=0x00000175f8ba62f8 relative=0x0000000000000058
Event: 33.242 Thread 0x00000175ed98e050 Uncommon trap: reason=class_check action=maybe_recompile pc=0x00000175f8ba62f8 method=java.lang.invoke.Invokers$Holder.linkToTargetMethod(Ljava/lang/Object;Ljava/lang/Object;Ljava/lang/Object;)Ljava/lang/Object; @ 1 c2
Event: 33.242 Thread 0x00000175ed98e050 DEOPT PACKING pc=0x00000175f8ba62f8 sp=0x00000030905f8540
Event: 33.242 Thread 0x00000175ed98e050 DEOPT UNPACKING pc=0x00000175f83f69a3 sp=0x00000030905f84c8 mode 2
Event: 33.262 Thread 0x00000175ed98e050 Uncommon trap: trap_request=0xffffffde fr.pc=0x00000175f89e3b74 relative=0x0000000000001754
Event: 33.262 Thread 0x00000175ed98e050 Uncommon trap: reason=class_check action=maybe_recompile pc=0x00000175f89e3b74 method=org.jetbrains.kotlin.serialization.deserialization.descriptors.DeserializedMemberScope$OptimizedImplementation.getContributedVariables(Lorg/jetbrains/kotlin/name/Name;Lo
Event: 33.262 Thread 0x00000175ed98e050 DEOPT PACKING pc=0x00000175f89e3b74 sp=0x00000030905f55f0
Event: 33.262 Thread 0x00000175ed98e050 DEOPT UNPACKING pc=0x00000175f83f69a3 sp=0x00000030905f55c8 mode 2
Event: 33.426 Thread 0x00000175ed98e050 Uncommon trap: trap_request=0xffffff45 fr.pc=0x00000175f89613f4 relative=0x0000000000000074
Event: 33.426 Thread 0x00000175ed98e050 Uncommon trap: reason=unstable_if action=reinterpret pc=0x00000175f89613f4 method=org.jetbrains.kotlin.descriptors.impl.FunctionDescriptorImpl.performOverriddenLazyCalculationIfNeeded()V @ 6 c2
Event: 33.426 Thread 0x00000175ed98e050 DEOPT PACKING pc=0x00000175f89613f4 sp=0x00000030905eec80
Event: 33.426 Thread 0x00000175ed98e050 DEOPT UNPACKING pc=0x00000175f83f69a3 sp=0x00000030905eebb8 mode 2

Classes unloaded (0 events):
No events

Classes redefined (0 events):
No events

Internal exceptions (20 events):
Event: 22.926 Thread 0x00000175ed98e050 Implicit null exception at 0x00000175f8aeef0a to 0x00000175f8aef168
Event: 23.019 Thread 0x00000175ed98e050 Implicit null exception at 0x00000175f898818e to 0x00000175f89883e8
Event: 24.167 Thread 0x00000175ed98e050 Exception <a 'java/lang/NoSuchMethodError'{0x00000000cd16dde8}: 'java.lang.Object java.lang.invoke.DirectMethodHandle$Holder.invokeStaticInit(java.lang.Object, java.lang.Object, java.lang.Object)'> (0x00000000cd16dde8) 
thrown [s\src\hotspot\share\interpreter\linkResolver.cpp, line 771]
Event: 26.218 Thread 0x00000175ed98e050 Implicit null exception at 0x00000175f8af3cf9 to 0x00000175f8af4071
Event: 26.335 Thread 0x00000175ed98e050 Implicit null exception at 0x00000175f8a3f709 to 0x00000175f8a3f7f0
Event: 26.335 Thread 0x00000175ed98e050 Implicit null exception at 0x00000175f89a0858 to 0x00000175f89a08ea
Event: 26.391 Thread 0x00000175ed98e050 Implicit null exception at 0x00000175f899cb8f to 0x00000175f899cc05
Event: 27.245 Thread 0x00000175ed98e050 Exception <a 'java/lang/NoSuchMethodError'{0x00000000cd5b24a0}: 'java.lang.Object java.lang.invoke.DirectMethodHandle$Holder.invokeInterface(java.lang.Object, java.lang.Object, java.lang.Object)'> (0x00000000cd5b24a0) 
thrown [s\src\hotspot\share\interpreter\linkResolver.cpp, line 771]
Event: 27.247 Thread 0x00000175ed98e050 Exception <a 'java/lang/IncompatibleClassChangeError'{0x00000000cd5b5e10}: Found class java.lang.Object, but interface was expected> (0x00000000cd5b5e10) 
thrown [s\src\hotspot\share\interpreter\linkResolver.cpp, line 838]
Event: 28.087 Thread 0x00000175ed98e050 Exception <a 'java/lang/NoSuchMethodError'{0x00000000ce3c8a08}: 'java.lang.Object java.lang.invoke.DirectMethodHandle$Holder.invokeStatic(java.lang.Object, java.lang.Object, java.lang.Object, java.lang.Object, int)'> (0x00000000ce3c8a08) 
thrown [s\src\hotspot\share\interpreter\linkResolver.cpp, line 771]
Event: 28.088 Thread 0x00000175ed98e050 Exception <a 'java/lang/NoSuchMethodError'{0x00000000ce3d2998}: 'java.lang.Object java.lang.invoke.DirectMethodHandle$Holder.newInvokeSpecial(java.lang.Object, java.lang.Object, java.lang.Object, java.lang.Object, int)'> (0x00000000ce3d2998) 
thrown [s\src\hotspot\share\interpreter\linkResolver.cpp, line 771]
Event: 28.089 Thread 0x00000175ed98e050 Exception <a 'java/lang/NoSuchMethodError'{0x00000000ce3dafb8}: 'java.lang.Object java.lang.invoke.Invokers$Holder.linkToTargetMethod(java.lang.Object, java.lang.Object, java.lang.Object, int, java.lang.Object)'> (0x00000000ce3dafb8) 
thrown [s\src\hotspot\share\interpreter\linkResolver.cpp, line 771]
Event: 28.795 Thread 0x00000175ed98e050 Exception <a 'java/lang/NoSuchMethodError'{0x00000000cdc7df50}: 'int java.lang.invoke.DirectMethodHandle$Holder.invokeStaticInit(java.lang.Object, int)'> (0x00000000cdc7df50) 
thrown [s\src\hotspot\share\interpreter\linkResolver.cpp, line 771]
Event: 30.505 Thread 0x00000175ed98e050 Exception <a 'java/lang/NoSuchMethodError'{0x00000000cd96e678}: 'java.lang.Object java.lang.invoke.DirectMethodHandle$Holder.newInvokeSpecial(java.lang.Object, java.lang.Object, java.lang.Object, java.lang.Object, java.lang.Object, java.lang.Object, java.lang.Object)'> (0x00000000cd96e678) 
thrown [s\src\hotspot\share\interpreter\linkResolver.cpp, line 771]
Event: 30.505 Thread 0x00000175ed98e050 Exception <a 'java/lang/NoSuchMethodError'{0x00000000cd973780}: 'java.lang.Object java.lang.invoke.Invokers$Holder.linkToTargetMethod(java.lang.Object, java.lang.Object, java.lang.Object, java.lang.Object, java.lang.Object, java.lang.Object, java.lang.Object)'> (0x00000000cd973780) 
thrown [s\src\hotspot\share\interpreter\linkResolver.cpp, line 771]
Event: 30.645 Thread 0x00000175ed98e050 Exception <a 'java/lang/NoSuchMethodError'{0x00000000cd686d28}: 'int java.lang.invoke.DirectMethodHandle$Holder.invokeInterface(java.lang.Object, java.lang.Object)'> (0x00000000cd686d28) 
thrown [s\src\hotspot\share\interpreter\linkResolver.cpp, line 771]
Event: 30.953 Thread 0x00000175ed98e050 Exception <a 'java/lang/NoSuchMethodError'{0x00000000ce40eae0}: 'java.lang.Object java.lang.invoke.DirectMethodHandle$Holder.newInvokeSpecial(java.lang.Object, int, java.lang.Object)'> (0x00000000ce40eae0) 
thrown [s\src\hotspot\share\interpreter\linkResolver.cpp, line 771]
Event: 31.586 Thread 0x00000175ed98e050 Implicit null exception at 0x00000175f8ccf65d to 0x00000175f8ccf864
Event: 32.023 Thread 0x00000175ed98e050 Implicit null exception at 0x00000175f8b07eb4 to 0x00000175f8b07f41
Event: 33.415 Thread 0x00000175ed98e050 Exception <a 'java/lang/NoSuchMethodError'{0x00000000cddfc730}: 'java.lang.Object java.lang.invoke.DirectMethodHandle$Holder.invokeStatic(java.lang.Object, int, java.lang.Object)'> (0x00000000cddfc730) 
thrown [s\src\hotspot\share\interpreter\linkResolver.cpp, line 771]

VM Operations (20 events):
Event: 31.228 Executing VM operation: HandshakeAllThreads done
Event: 31.582 Executing VM operation: ICBufferFull
Event: 31.582 Executing VM operation: ICBufferFull done
Event: 31.712 Executing VM operation: ICBufferFull
Event: 31.712 Executing VM operation: ICBufferFull done
Event: 31.816 Executing VM operation: G1CollectForAllocation
Event: 31.848 Executing VM operation: G1CollectForAllocation done
Event: 32.024 Executing VM operation: G1CollectForAllocation
Event: 32.044 Executing VM operation: G1CollectForAllocation done
Event: 32.123 Executing VM operation: HandshakeAllThreads
Event: 32.123 Executing VM operation: HandshakeAllThreads done
Event: 32.714 Executing VM operation: ICBufferFull
Event: 32.714 Executing VM operation: ICBufferFull done
Event: 32.951 Executing VM operation: ICBufferFull
Event: 32.951 Executing VM operation: ICBufferFull done
Event: 33.424 Executing VM operation: HandshakeAllThreads
Event: 33.424 Executing VM operation: HandshakeAllThreads done
Event: 33.456 Executing VM operation: ICBufferFull
Event: 33.456 Executing VM operation: ICBufferFull done
Event: 33.599 Executing VM operation: G1CollectForAllocation

Events (20 events):
Event: 27.996 loading class java/util/function/ToIntFunction
Event: 27.997 loading class java/util/function/ToIntFunction done
Event: 30.153 loading class jdk/internal/math/FloatingDecimal
Event: 30.156 loading class jdk/internal/math/FloatingDecimal done
Event: 30.156 loading class jdk/internal/math/FloatingDecimal$ExceptionalBinaryToASCIIBuffer
Event: 30.157 loading class jdk/internal/math/FloatingDecimal$BinaryToASCIIConverter
Event: 30.158 loading class jdk/internal/math/FloatingDecimal$BinaryToASCIIConverter done
Event: 30.158 loading class jdk/internal/math/FloatingDecimal$ExceptionalBinaryToASCIIBuffer done
Event: 30.158 loading class jdk/internal/math/FloatingDecimal$BinaryToASCIIBuffer
Event: 30.159 loading class jdk/internal/math/FloatingDecimal$BinaryToASCIIBuffer done
Event: 30.159 loading class jdk/internal/math/FloatingDecimal$1
Event: 30.160 loading class jdk/internal/math/FloatingDecimal$1 done
Event: 30.161 loading class jdk/internal/math/FloatingDecimal$PreparedASCIIToBinaryBuffer
Event: 30.161 loading class jdk/internal/math/FloatingDecimal$ASCIIToBinaryConverter
Event: 30.162 loading class jdk/internal/math/FloatingDecimal$ASCIIToBinaryConverter done
Event: 30.162 loading class jdk/internal/math/FloatingDecimal$PreparedASCIIToBinaryBuffer done
Event: 30.162 loading class jdk/internal/math/FloatingDecimal$ASCIIToBinaryBuffer
Event: 30.163 loading class jdk/internal/math/FloatingDecimal$ASCIIToBinaryBuffer done
Event: 30.901 Thread 0x00000175846794f0 flushing nmethod 0x00000175f0ef3a10
Event: 30.908 Thread 0x00000175846794f0 flushing nmethod 0x00000175f159a090


Dynamic libraries:
0x00007ff76fa90000 - 0x00007ff76fa9a000 	C:\Program Files\Android\Android Studio\jbr\bin\java.exe
0x00007ffb4ded0000 - 0x00007ffb4e0c8000 	C:\Windows\SYSTEM32\ntdll.dll
0x00007ffb4c1b0000 - 0x00007ffb4c272000 	C:\Windows\System32\KERNEL32.DLL
0x00007ffb4ba10000 - 0x00007ffb4bd0e000 	C:\Windows\System32\KERNELBASE.dll
0x00007ffb4b760000 - 0x00007ffb4b860000 	C:\Windows\System32\ucrtbase.dll
0x00007ffb05d20000 - 0x00007ffb05d37000 	C:\Program Files\Android\Android Studio\jbr\bin\jli.dll
0x00007ffb3e590000 - 0x00007ffb3e5ab000 	C:\Program Files\Android\Android Studio\jbr\bin\VCRUNTIME140.dll
0x00007ffb4dc20000 - 0x00007ffb4ddbd000 	C:\Windows\System32\USER32.dll
0x00007ffb35960000 - 0x00007ffb35bfa000 	C:\Windows\WinSxS\amd64_microsoft.windows.common-controls_6595b64144ccf1df_6.0.19041.4355_none_60b8b9eb71f62e16\COMCTL32.dll
0x00007ffb4b570000 - 0x00007ffb4b592000 	C:\Windows\System32\win32u.dll
0x00007ffb4c180000 - 0x00007ffb4c1ab000 	C:\Windows\System32\GDI32.dll
0x00007ffb4b640000 - 0x00007ffb4b757000 	C:\Windows\System32\gdi32full.dll
0x00007ffb4b5a0000 - 0x00007ffb4b63d000 	C:\Windows\System32\msvcp_win.dll
0x00007ffb4c010000 - 0x00007ffb4c0ae000 	C:\Windows\System32\msvcrt.dll
0x00007ffb4bfe0000 - 0x00007ffb4c00f000 	C:\Windows\System32\IMM32.DLL
0x00007ffb45570000 - 0x00007ffb4557c000 	C:\Program Files\Android\Android Studio\jbr\bin\vcruntime140_1.dll
0x00007ffb17e70000 - 0x00007ffb17efd000 	C:\Program Files\Android\Android Studio\jbr\bin\msvcp140.dll
0x00007ffadc0e0000 - 0x00007ffadcd63000 	C:\Program Files\Android\Android Studio\jbr\bin\server\jvm.dll
0x00007ffb4ddd0000 - 0x00007ffb4de81000 	C:\Windows\System32\ADVAPI32.dll
0x00007ffb4db80000 - 0x00007ffb4dc1f000 	C:\Windows\System32\sechost.dll
0x00007ffb4c4a0000 - 0x00007ffb4c5c3000 	C:\Windows\System32\RPCRT4.dll
0x00007ffb4be50000 - 0x00007ffb4be77000 	C:\Windows\System32\bcrypt.dll
0x00007ffb4b3d0000 - 0x00007ffb4b41b000 	C:\Windows\SYSTEM32\POWRPROF.dll
0x00007ffb40e20000 - 0x00007ffb40e47000 	C:\Windows\SYSTEM32\WINMM.dll
0x00007ffb31640000 - 0x00007ffb31649000 	C:\Windows\SYSTEM32\WSOCK32.dll
0x00007ffb40c90000 - 0x00007ffb40c9a000 	C:\Windows\SYSTEM32\VERSION.dll
0x00007ffb4c5d0000 - 0x00007ffb4c63b000 	C:\Windows\System32\ws2_32.DLL
0x00007ffb4b3b0000 - 0x00007ffb4b3c2000 	C:\Windows\SYSTEM32\UMPDC.dll
0x00007ffb493b0000 - 0x00007ffb493c2000 	C:\Windows\SYSTEM32\kernel.appcore.dll
0x00007ffb352e0000 - 0x00007ffb352ea000 	C:\Program Files\Android\Android Studio\jbr\bin\jimage.dll
0x00007ffb2f7d0000 - 0x00007ffb2f9b4000 	C:\Windows\SYSTEM32\DBGHELP.DLL
0x00007ffb2f750000 - 0x00007ffb2f784000 	C:\Windows\SYSTEM32\dbgcore.DLL
0x00007ffb4bdc0000 - 0x00007ffb4be42000 	C:\Windows\System32\bcryptPrimitives.dll
0x00007ffb059a0000 - 0x00007ffb059c5000 	C:\Program Files\Android\Android Studio\jbr\bin\java.dll
0x00007ffb1c490000 - 0x00007ffb1c4a8000 	C:\Program Files\Android\Android Studio\jbr\bin\zip.dll
0x00007ffb4d410000 - 0x00007ffb4db7d000 	C:\Windows\System32\SHELL32.dll
0x00007ffb495b0000 - 0x00007ffb49d54000 	C:\Windows\SYSTEM32\windows.storage.dll
0x00007ffb4c640000 - 0x00007ffb4c993000 	C:\Windows\System32\combase.dll
0x00007ffb4aed0000 - 0x00007ffb4aefe000 	C:\Windows\SYSTEM32\Wldp.dll
0x00007ffb4c0b0000 - 0x00007ffb4c17d000 	C:\Windows\System32\OLEAUT32.dll
0x00007ffb4d360000 - 0x00007ffb4d40d000 	C:\Windows\System32\SHCORE.dll
0x00007ffb4ca80000 - 0x00007ffb4cad5000 	C:\Windows\System32\shlwapi.dll
0x00007ffb4b4a0000 - 0x00007ffb4b4c4000 	C:\Windows\SYSTEM32\profapi.dll
0x00007ffb1c470000 - 0x00007ffb1c489000 	C:\Program Files\Android\Android Studio\jbr\bin\net.dll
0x00007ffb42740000 - 0x00007ffb4284d000 	C:\Windows\SYSTEM32\WINHTTP.dll
0x00007ffb4ac30000 - 0x00007ffb4ac9a000 	C:\Windows\system32\mswsock.dll
0x00007ffb070f0000 - 0x00007ffb07106000 	C:\Program Files\Android\Android Studio\jbr\bin\nio.dll
0x00007ffb15f20000 - 0x00007ffb15f30000 	C:\Program Files\Android\Android Studio\jbr\bin\verify.dll

dbghelp: loaded successfully - version: 4.0.5 - missing functions: none
symbol engine: initialized successfully - sym options: 0x614 - pdb path: .;C:\Program Files\Android\Android Studio\jbr\bin;C:\Windows\SYSTEM32;C:\Windows\WinSxS\amd64_microsoft.windows.common-controls_6595b64144ccf1df_6.0.19041.4355_none_60b8b9eb71f62e16;C:\Program Files\Android\Android Studio\jbr\bin\server

VM Arguments:
java_command: org.jetbrains.kotlin.cli.jvm.K2JVMCompiler @C:\Users\win 10\Upnews\app\build\20241221_8835421787184790658.compiler.options
java_class_path (initial): C:\Users\win 10\.gradle\caches\modules-2\files-2.1\org.jetbrains.kotlin\kotlin-compiler-embeddable\1.9.0\2c8c3a7402becca891f12739b3e9fd2dc2adbd7a\kotlin-compiler-embeddable-1.9.0.jar;C:\Users\win 10\.gradle\caches\modules-2\files-2.1\org.jetbrains.kotlin\kotlin-stdlib\1.9.0\8ee15ef0c67dc83d874f412d84378d7f0eb50b63\kotlin-stdlib-1.9.0.jar;C:\Users\win 10\.gradle\caches\modules-2\files-2.1\org.jetbrains.kotlin\kotlin-script-runtime\1.9.0\4b3102cbbb7e1b58d9d1adf89563f00069ffa7d1\kotlin-script-runtime-1.9.0.jar;C:\Users\win 10\.gradle\caches\modules-2\files-2.1\org.jetbrains.kotlin\kotlin-reflect\1.6.10\1cbe9c92c12a94eea200d23c2bbaedaf3daf5132\kotlin-reflect-1.6.10.jar;C:\Users\win 10\.gradle\caches\modules-2\files-2.1\org.jetbrains.kotlin\kotlin-daemon-embeddable\1.9.0\186543f5e28cf8d9a0290fecc2cf34301c40a65c\kotlin-daemon-embeddable-1.9.0.jar;C:\Users\win 10\.gradle\caches\modules-2\files-2.1\org.jetbrains.intellij.deps\trove4j\1.0.20200330\3afb14d5f9ceb459d724e907a21145e8ff394f02\trove4j-1.0.20200330.jar;C:\Users\win 10\.gradle\caches\modules-2\files-2.1\org.jetbrains.kotlin\kotlin-stdlib-common\1.9.0\cd65c21cfd1eec4d44ef09f9f52b6d9f8a720636\kotlin-stdlib-common-1.9.0.jar;C:\Users\win 10\.gradle\caches\modules-2\files-2.1\org.jetbrains\annotations\13.0\919f0dfe192fb4e063e7dacadee7f8bb9a2672a9\annotations-13.0.jar
Launcher Type: SUN_STANDARD

[Global flags]
     intx CICompilerCount                          = 3                                         {product} {ergonomic}
     uint ConcGCThreads                            = 1                                         {product} {ergonomic}
     uint G1ConcRefinementThreads                  = 4                                         {product} {ergonomic}
   size_t G1HeapRegionSize                         = 1048576                                   {product} {ergonomic}
    uintx GCDrainStackTargetSize                   = 64                                        {product} {ergonomic}
   size_t InitialHeapSize                          = 58720256                                  {product} {ergonomic}
   size_t MarkStackSize                            = 4194304                                   {product} {ergonomic}
   size_t MaxHeapSize                              = 918552576                                 {product} {ergonomic}
   size_t MaxNewSize                               = 550502400                                 {product} {ergonomic}
   size_t MinHeapDeltaBytes                        = 1048576                                   {product} {ergonomic}
   size_t MinHeapSize                              = 8388608                                   {product} {ergonomic}
    uintx NonNMethodCodeHeapSize                   = 5832780                                {pd product} {ergonomic}
    uintx NonProfiledCodeHeapSize                  = 122912730                              {pd product} {ergonomic}
    uintx ProfiledCodeHeapSize                     = 122912730                              {pd product} {ergonomic}
    uintx ReservedCodeCacheSize                    = 251658240                              {pd product} {ergonomic}
     bool SegmentedCodeCache                       = true                                      {product} {ergonomic}
   size_t SoftMaxHeapSize                          = 918552576                              {manageable} {ergonomic}
     bool UseCompressedClassPointers               = true                           {product lp64_product} {ergonomic}
     bool UseCompressedOops                        = true                           {product lp64_product} {ergonomic}
     bool UseG1GC                                  = true                                      {product} {ergonomic}
     bool UseLargePagesIndividualAllocation        = false                                  {pd product} {ergonomic}

Logging:
Log output configuration:
 #0: stdout all=warning uptime,level,tags
 #1: stderr all=off uptime,level,tags

Environment Variables:
JAVA_HOME=C:\Users\win 10\AppData\Local\Programs\Eclipse Adoptium\jdk-17.0.8.101-hotspot\
PATH=C:\Program Files\Common Files\Oracle\Java\javapath;C:\Program Files (x86)\Common Files\Oracle\Java\java8path;C:\Program Files (x86)\Common Files\Oracle\Java\javapath;C:\PROGRA~2\Borland\CBUILD~1\Bin;C:\PROGRA~2\Borland\CBUILD~1\Projects\Bpl;C:\Windows\system32;C:\Windows;C:\Windows\System32\Wbem;C:\Windows\System32\WindowsPowerShell\v1.0\;C:\Windows\System32\OpenSSH\;C:\Program Files\Git\cmd;C:\Program Files\nodejs\;C:\Users\win 10\AppData\Local\Programs\Python\Python311\Scripts\;C:\Users\win 10\AppData\Local\Programs\Python\Python311\;C:\Users\win 10\AppData\Roaming\npm;C:\Users\win 10\AppData\Local\Programs\Microsoft VS Code\bin
USERNAME=win 10
OS=Windows_NT
PROCESSOR_IDENTIFIER=AMD64 Family 23 Model 24 Stepping 1, AuthenticAMD
TMP=C:\Users\WIN10~1\AppData\Local\Temp
TEMP=C:\Users\WIN10~1\AppData\Local\Temp



Periodic native trim disabled

JNI global refs:
JNI global refs: 10, weak refs: 1

JNI global refs memory usage: 843, weak refs: 841

Process memory usage:
Resident Set Size: 197980K (5% of 3583736K total physical memory with 63032K free physical memory)

OOME stack traces (most recent first):
Classloader memory used:
Loader jdk.internal.loader.ClassLoaders$AppClassLoader                                 : 6403K
Loader bootstrap                                                                       : 1336K
Loader java.net.URLClassLoader                                                         : 50543B
Loader jdk.internal.reflect.DelegatingClassLoader                                      : 19552B


---------------  S Y S T E M  ---------------

OS:
 Windows 10 , 64 bit Build 19041 (10.0.19041.5198)
OS uptime: 0 days 7:24 hours
Hyper-V role detected

CPU: total 4 (initial active 4) (4 cores per cpu, 2 threads per core) family 23 model 24 stepping 1 microcode 0x0, cx8, cmov, fxsr, ht, mmx, 3dnowpref, sse, sse2, sse3, ssse3, sse4a, sse4.1, sse4.2, popcnt, lzcnt, tsc, tscinvbit, avx, avx2, aes, clmul, bmi1, bmi2, adx, sha, fma, vzeroupper, clflush, clflushopt, hv
Processor Information for all 4 processors :
  Max Mhz: 2400, Current Mhz: 2400, Mhz Limit: 2400

Memory: 4k page, system-wide physical 3499M (61M free)
TotalPageFile size 14251M (AvailPageFile size 58M)
current process WorkingSet (physical memory assigned to process): 193M, peak: 198M
current process commit charge ("private bytes"): 279M, peak: 370M

vm_info: OpenJDK 64-Bit Server VM (17.0.11+0--11852314) for windows-amd64 JRE (17.0.11+0--11852314), built on May 16 2024 21:29:20 by "androidbuild" with MS VC++ 16.10 / 16.11 (VS2019)

END.
