#
# There is insufficient memory for the Java Runtime Environment to continue.
# Native memory allocation (mmap) failed to map 130023424 bytes. Error detail: G1 virtual space
# Possible reasons:
#   The system is out of physical RAM or swap space
#   This process is running with CompressedOops enabled, and the Java Heap may be blocking the growth of the native heap
# Possible solutions:
#   Reduce memory load on the system
#   Increase physical memory or swap space
#   Check if swap backing store is full
#   Decrease Java heap size (-Xmx/-Xms)
#   Decrease number of Java threads
#   Decrease Java thread stack sizes (-Xss)
#   Set larger code cache with -XX:ReservedCodeCacheSize=
#   JVM is running with Unscaled Compressed Oops mode in which the Java heap is
#     placed in the first 4GB address space. The Java Heap base address is the
#     maximum limit for the native heap growth. Please use -XX:HeapBaseMinAddress
#     to set the Java Heap base and to place the Java Heap above 4GB virtual address.
# This output file may be truncated or incomplete.
#
#  Out of Memory Error (os_windows.cpp:3825), pid=15532, tid=18096
#
# JRE version: OpenJDK Runtime Environment (17.0.11) (build 17.0.11+0--11852314)
# Java VM: OpenJDK 64-Bit Server VM (17.0.11+0--11852314, mixed mode, tiered, compressed oops, compressed class ptrs, g1 gc, windows-amd64)
# No core dump will be written. Minidumps are not enabled by default on client versions of Windows
#

---------------  S U M M A R Y ------------

Command Line: org.jetbrains.kotlin.cli.jvm.K2JVMCompiler @C:\Users\win 10\Upnews\app\build\20241221_3208402694550049741.compiler.options

Host: AMD Athlon Gold 3150U with Radeon Graphics     , 4 cores, 3G,  Windows 10 , 64 bit Build 19041 (10.0.19041.5198)
Time: Sat Dec 21 20:00:11 2024 SE Asia Standard Time elapsed time: 15.546527 seconds (0d 0h 0m 15s)

---------------  T H R E A D  ---------------

Current thread (0x000002a8aa87e6b0):  VMThread "VM Thread" [stack: 0x000000dd19700000,0x000000dd19800000] [id=18096]

Stack: [0x000000dd19700000,0x000000dd19800000]
Native frames: (J=compiled Java code, j=interpreted, Vv=VM code, C=native code)
V  [jvm.dll+0x687bb9]
V  [jvm.dll+0x84142a]
V  [jvm.dll+0x8430ae]
V  [jvm.dll+0x843713]
V  [jvm.dll+0x24a35f]
V  [jvm.dll+0x684989]
V  [jvm.dll+0x67923a]
V  [jvm.dll+0x30af0b]
V  [jvm.dll+0x3123b6]
V  [jvm.dll+0x361dfe]
V  [jvm.dll+0x36202f]
V  [jvm.dll+0x2e0d38]
V  [jvm.dll+0x2df144]
V  [jvm.dll+0x2de74c]
V  [jvm.dll+0x32305b]
V  [jvm.dll+0x847e0b]
V  [jvm.dll+0x848b42]
V  [jvm.dll+0x84905d]
V  [jvm.dll+0x849434]
V  [jvm.dll+0x849500]
V  [jvm.dll+0x7efa4a]
V  [jvm.dll+0x686a35]
C  [ucrtbase.dll+0x21bb2]
C  [KERNEL32.DLL+0x17374]
C  [ntdll.dll+0x4cc91]

VM_Operation (0x000000dd191ef850): G1CollectForAllocation, mode: safepoint, requested by thread 0x000002a8aa7d1b80


---------------  P R O C E S S  ---------------

Threads class SMR info:
_java_thread_list=0x000002a8c1564db0, length=12, elements={
0x000002a8aa7d1b80, 0x000002a8c11394f0, 0x000002a8c113a580, 0x000002a8c1195d60,
0x000002a8c1197840, 0x000002a8c119a210, 0x000002a8c119abd0, 0x000002a8c11a6e80,
0x000002a8c11a7930, 0x000002a8c1408070, 0x000002a8c1555c70, 0x000002a8c1564eb0
}

Java Threads: ( => current thread )
  0x000002a8aa7d1b80 JavaThread "main" [_thread_blocked, id=19124, stack(0x000000dd19100000,0x000000dd19200000)]
  0x000002a8c11394f0 JavaThread "Reference Handler" daemon [_thread_blocked, id=20468, stack(0x000000dd19800000,0x000000dd19900000)]
  0x000002a8c113a580 JavaThread "Finalizer" daemon [_thread_blocked, id=16900, stack(0x000000dd19900000,0x000000dd19a00000)]
  0x000002a8c1195d60 JavaThread "Signal Dispatcher" daemon [_thread_blocked, id=20492, stack(0x000000dd19a00000,0x000000dd19b00000)]
  0x000002a8c1197840 JavaThread "Attach Listener" daemon [_thread_blocked, id=2288, stack(0x000000dd19b00000,0x000000dd19c00000)]
  0x000002a8c119a210 JavaThread "Service Thread" daemon [_thread_blocked, id=13636, stack(0x000000dd19c00000,0x000000dd19d00000)]
  0x000002a8c119abd0 JavaThread "Monitor Deflation Thread" daemon [_thread_blocked, id=20496, stack(0x000000dd19d00000,0x000000dd19e00000)]
  0x000002a8c11a6e80 JavaThread "C2 CompilerThread0" daemon [_thread_blocked, id=12332, stack(0x000000dd19e00000,0x000000dd19f00000)]
  0x000002a8c11a7930 JavaThread "C1 CompilerThread0" daemon [_thread_blocked, id=18100, stack(0x000000dd19f00000,0x000000dd1a000000)]
  0x000002a8c1408070 JavaThread "Sweeper thread" daemon [_thread_blocked, id=21008, stack(0x000000dd1a000000,0x000000dd1a100000)]
  0x000002a8c1555c70 JavaThread "Notification Thread" daemon [_thread_blocked, id=10900, stack(0x000000dd1a100000,0x000000dd1a200000)]
  0x000002a8c1564eb0 JavaThread "Common-Cleaner" daemon [_thread_blocked, id=17164, stack(0x000000dd1a300000,0x000000dd1a400000)]

Other Threads:
=>0x000002a8aa87e6b0 VMThread "VM Thread" [stack: 0x000000dd19700000,0x000000dd19800000] [id=18096]
  0x000002a8c1556560 WatcherThread [stack: 0x000000dd1a200000,0x000000dd1a300000] [id=4400]
  0x000002a8aa807610 GCTaskThread "GC Thread#0" [stack: 0x000000dd19200000,0x000000dd19300000] [id=14448]
  0x000002a8c1931a50 GCTaskThread "GC Thread#1" [stack: 0x000000dd1a400000,0x000000dd1a500000] [id=13344]
  0x000002a8c197b030 GCTaskThread "GC Thread#2" [stack: 0x000000dd1a500000,0x000000dd1a600000] [id=4016]
  0x000002a8c197b2f0 GCTaskThread "GC Thread#3" [stack: 0x000000dd1a600000,0x000000dd1a700000] [id=20832]
  0x000002a8aa80f2e0 ConcurrentGCThread "G1 Main Marker" [stack: 0x000000dd19300000,0x000000dd19400000] [id=17012]
  0x000002a8aa80fd00 ConcurrentGCThread "G1 Conc#0" [stack: 0x000000dd19400000,0x000000dd19500000] [id=8448]
  0x000002a8aa84d460 ConcurrentGCThread "G1 Refine#0" [stack: 0x000000dd19500000,0x000000dd19600000] [id=16036]
  0x000002a8aa84de90 ConcurrentGCThread "G1 Service" [stack: 0x000000dd19600000,0x000000dd19700000] [id=124]

Threads with active compile tasks:
C2 CompilerThread0    15573 10230       4       org.jetbrains.kotlin.resolve.calls.components.ClassicTypeSystemContextForCS::typeDepth (6 bytes)
C1 CompilerThread0    15573 10231       3       org.jetbrains.kotlin.types.TypeUtils::isNullableType (162 bytes)

VM state: at safepoint (normal execution)

VM Mutex/Monitor currently owned by a thread:  ([mutex/lock_event])
[0x000002a8aa7cdee0] Threads_lock - owner thread: 0x000002a8aa87e6b0
[0x000002a8aa7cd4c0] Heap_lock - owner thread: 0x000002a8aa7d1b80

Heap address: 0x00000000c9400000, size: 876 MB, Compressed Oops mode: 32-bit

CDS archive(s) not mapped
Compressed class space mapped at: 0x0000000100000000-0x0000000140000000, reserved size: 1073741824
Narrow klass base: 0x0000000000000000, Narrow klass shift: 3, Narrow klass range: 0x140000000

GC Precious Log:
 CPUs: 4 total, 4 available
 Memory: 3499M
 Large Page Support: Disabled
 NUMA Support: Disabled
 Compressed Oops: Enabled (32-bit)
 Heap Region Size: 1M
 Heap Min Capacity: 8M
 Heap Initial Capacity: 56M
 Heap Max Capacity: 876M
 Pre-touch: Disabled
 Parallel Workers: 4
 Concurrent Workers: 1
 Concurrent Refinement Workers: 4
 Periodic GC: Disabled

Heap:
 garbage-first heap   total 107520K, used 65890K [0x00000000c9400000, 0x0000000100000000)
  region size 1024K, 2 young (2048K), 2 survivors (2048K)
 Metaspace       used 64081K, committed 64384K, reserved 1114112K
  class space    used 7271K, committed 7424K, reserved 1048576K

Heap Regions: E=young(eden), S=young(survivor), O=old, HS=humongous(starts), HC=humongous(continues), CS=collection set, F=free, OA=open archive, CA=closed archive, TAMS=top-at-mark-start (previous, next)
|   0|0x00000000c9400000, 0x00000000c9500000, 0x00000000c9500000|100%|HS|  |TAMS 0x00000000c9500000, 0x00000000c9400000| Complete 
|   1|0x00000000c9500000, 0x00000000c9600000, 0x00000000c9600000|100%|HC|  |TAMS 0x00000000c9600000, 0x00000000c9500000| Complete 
|   2|0x00000000c9600000, 0x00000000c9700000, 0x00000000c9700000|100%|HC|  |TAMS 0x00000000c9700000, 0x00000000c9600000| Complete 
|   3|0x00000000c9700000, 0x00000000c9800000, 0x00000000c9800000|100%|HC|  |TAMS 0x00000000c9800000, 0x00000000c9700000| Complete 
|   4|0x00000000c9800000, 0x00000000c9900000, 0x00000000c9900000|100%| O|  |TAMS 0x00000000c9900000, 0x00000000c9800000| Untracked 
|   5|0x00000000c9900000, 0x00000000c9a00000, 0x00000000c9a00000|100%| O|  |TAMS 0x00000000c9a00000, 0x00000000c9900000| Untracked 
|   6|0x00000000c9a00000, 0x00000000c9b00000, 0x00000000c9b00000|100%| O|  |TAMS 0x00000000c9b00000, 0x00000000c9a00000| Untracked 
|   7|0x00000000c9b00000, 0x00000000c9c00000, 0x00000000c9c00000|100%| O|  |TAMS 0x00000000c9c00000, 0x00000000c9b00000| Untracked 
|   8|0x00000000c9c00000, 0x00000000c9d00000, 0x00000000c9d00000|100%| O|  |TAMS 0x00000000c9d00000, 0x00000000c9c00000| Untracked 
|   9|0x00000000c9d00000, 0x00000000c9e00000, 0x00000000c9e00000|100%| O|  |TAMS 0x00000000c9e00000, 0x00000000c9d00000| Untracked 
|  10|0x00000000c9e00000, 0x00000000c9f00000, 0x00000000c9f00000|100%| O|  |TAMS 0x00000000c9f00000, 0x00000000c9e00000| Untracked 
|  11|0x00000000c9f00000, 0x00000000ca000000, 0x00000000ca000000|100%| O|  |TAMS 0x00000000ca000000, 0x00000000c9f00000| Untracked 
|  12|0x00000000ca000000, 0x00000000ca000000, 0x00000000ca100000|  0%| F|  |TAMS 0x00000000ca000000, 0x00000000ca000000| Untracked 
|  13|0x00000000ca100000, 0x00000000ca200000, 0x00000000ca200000|100%| O|  |TAMS 0x00000000ca200000, 0x00000000ca100000| Untracked 
|  14|0x00000000ca200000, 0x00000000ca300000, 0x00000000ca300000|100%| O|  |TAMS 0x00000000ca300000, 0x00000000ca200000| Untracked 
|  15|0x00000000ca300000, 0x00000000ca400000, 0x00000000ca400000|100%| O|  |TAMS 0x00000000ca400000, 0x00000000ca300000| Untracked 
|  16|0x00000000ca400000, 0x00000000ca500000, 0x00000000ca500000|100%| O|  |TAMS 0x00000000ca500000, 0x00000000ca400000| Untracked 
|  17|0x00000000ca500000, 0x00000000ca600000, 0x00000000ca600000|100%| O|  |TAMS 0x00000000ca600000, 0x00000000ca500000| Untracked 
|  18|0x00000000ca600000, 0x00000000ca700000, 0x00000000ca700000|100%| O|  |TAMS 0x00000000ca700000, 0x00000000ca600000| Untracked 
|  19|0x00000000ca700000, 0x00000000ca800000, 0x00000000ca800000|100%| O|  |TAMS 0x00000000ca800000, 0x00000000ca700000| Untracked 
|  20|0x00000000ca800000, 0x00000000ca900000, 0x00000000ca900000|100%| O|  |TAMS 0x00000000ca900000, 0x00000000ca800000| Untracked 
|  21|0x00000000ca900000, 0x00000000caa00000, 0x00000000caa00000|100%| O|  |TAMS 0x00000000caa00000, 0x00000000ca900000| Untracked 
|  22|0x00000000caa00000, 0x00000000cab00000, 0x00000000cab00000|100%| O|  |TAMS 0x00000000cab00000, 0x00000000caa00000| Untracked 
|  23|0x00000000cab00000, 0x00000000cac00000, 0x00000000cac00000|100%| O|  |TAMS 0x00000000cac00000, 0x00000000cab00000| Untracked 
|  24|0x00000000cac00000, 0x00000000cad00000, 0x00000000cad00000|100%| O|  |TAMS 0x00000000cad00000, 0x00000000cac00000| Untracked 
|  25|0x00000000cad00000, 0x00000000cae00000, 0x00000000cae00000|100%| O|  |TAMS 0x00000000cae00000, 0x00000000cad00000| Untracked 
|  26|0x00000000cae00000, 0x00000000caf00000, 0x00000000caf00000|100%| O|  |TAMS 0x00000000caf00000, 0x00000000cae00000| Untracked 
|  27|0x00000000caf00000, 0x00000000cb000000, 0x00000000cb000000|100%| O|  |TAMS 0x00000000cb000000, 0x00000000caf00000| Untracked 
|  28|0x00000000cb000000, 0x00000000cb100000, 0x00000000cb100000|100%|HS|  |TAMS 0x00000000cb100000, 0x00000000cb000000| Complete 
|  29|0x00000000cb100000, 0x00000000cb200000, 0x00000000cb200000|100%|HC|  |TAMS 0x00000000cb200000, 0x00000000cb100000| Complete 
|  30|0x00000000cb200000, 0x00000000cb300000, 0x00000000cb300000|100%| O|  |TAMS 0x00000000cb300000, 0x00000000cb200000| Untracked 
|  31|0x00000000cb300000, 0x00000000cb400000, 0x00000000cb400000|100%| O|  |TAMS 0x00000000cb400000, 0x00000000cb300000| Untracked 
|  32|0x00000000cb400000, 0x00000000cb500000, 0x00000000cb500000|100%| O|  |TAMS 0x00000000cb500000, 0x00000000cb400000| Untracked 
|  33|0x00000000cb500000, 0x00000000cb600000, 0x00000000cb600000|100%| O|  |TAMS 0x00000000cb600000, 0x00000000cb500000| Untracked 
|  34|0x00000000cb600000, 0x00000000cb700000, 0x00000000cb700000|100%| O|  |TAMS 0x00000000cb700000, 0x00000000cb600000| Untracked 
|  35|0x00000000cb700000, 0x00000000cb800000, 0x00000000cb800000|100%| O|  |TAMS 0x00000000cb800000, 0x00000000cb700000| Untracked 
|  36|0x00000000cb800000, 0x00000000cb900000, 0x00000000cb900000|100%| O|  |TAMS 0x00000000cb900000, 0x00000000cb800000| Untracked 
|  37|0x00000000cb900000, 0x00000000cba00000, 0x00000000cba00000|100%| O|  |TAMS 0x00000000cba00000, 0x00000000cb900000| Untracked 
|  38|0x00000000cba00000, 0x00000000cbb00000, 0x00000000cbb00000|100%| O|  |TAMS 0x00000000cbb00000, 0x00000000cba00000| Untracked 
|  39|0x00000000cbb00000, 0x00000000cbc00000, 0x00000000cbc00000|100%| O|  |TAMS 0x00000000cbc00000, 0x00000000cbb00000| Untracked 
|  40|0x00000000cbc00000, 0x00000000cbd00000, 0x00000000cbd00000|100%| O|  |TAMS 0x00000000cbd00000, 0x00000000cbc00000| Untracked 
|  41|0x00000000cbd00000, 0x00000000cbe00000, 0x00000000cbe00000|100%| O|  |TAMS 0x00000000cbe00000, 0x00000000cbd00000| Untracked 
|  42|0x00000000cbe00000, 0x00000000cbf00000, 0x00000000cbf00000|100%| O|  |TAMS 0x00000000cbf00000, 0x00000000cbe00000| Untracked 
|  43|0x00000000cbf00000, 0x00000000cc000000, 0x00000000cc000000|100%| O|  |TAMS 0x00000000cc000000, 0x00000000cbf00000| Untracked 
|  44|0x00000000cc000000, 0x00000000cc100000, 0x00000000cc100000|100%| O|  |TAMS 0x00000000cc000000, 0x00000000cc000000| Untracked 
|  45|0x00000000cc100000, 0x00000000cc200000, 0x00000000cc200000|100%| O|  |TAMS 0x00000000cc200000, 0x00000000cc100000| Untracked 
|  46|0x00000000cc200000, 0x00000000cc300000, 0x00000000cc300000|100%| O|  |TAMS 0x00000000cc300000, 0x00000000cc200000| Untracked 
|  47|0x00000000cc300000, 0x00000000cc400000, 0x00000000cc400000|100%| O|  |TAMS 0x00000000cc400000, 0x00000000cc300000| Untracked 
|  48|0x00000000cc400000, 0x00000000cc500000, 0x00000000cc500000|100%| O|  |TAMS 0x00000000cc500000, 0x00000000cc400000| Untracked 
|  49|0x00000000cc500000, 0x00000000cc600000, 0x00000000cc600000|100%| O|  |TAMS 0x00000000cc600000, 0x00000000cc500000| Untracked 
|  50|0x00000000cc600000, 0x00000000cc700000, 0x00000000cc700000|100%| O|  |TAMS 0x00000000cc700000, 0x00000000cc600000| Untracked 
|  51|0x00000000cc700000, 0x00000000cc800000, 0x00000000cc800000|100%| O|  |TAMS 0x00000000cc800000, 0x00000000cc700000| Untracked 
|  52|0x00000000cc800000, 0x00000000cc900000, 0x00000000cc900000|100%| O|  |TAMS 0x00000000cc900000, 0x00000000cc800000| Untracked 
|  53|0x00000000cc900000, 0x00000000cca00000, 0x00000000cca00000|100%| O|  |TAMS 0x00000000cca00000, 0x00000000cc900000| Untracked 
|  54|0x00000000cca00000, 0x00000000ccb00000, 0x00000000ccb00000|100%| O|  |TAMS 0x00000000ccb00000, 0x00000000cca00000| Untracked 
|  55|0x00000000ccb00000, 0x00000000ccc00000, 0x00000000ccc00000|100%| O|  |TAMS 0x00000000ccc00000, 0x00000000ccb00000| Untracked 
|  56|0x00000000ccc00000, 0x00000000ccd00000, 0x00000000ccd00000|100%| O|  |TAMS 0x00000000ccc4c400, 0x00000000ccc00000| Untracked 
|  57|0x00000000ccd00000, 0x00000000cce00000, 0x00000000cce00000|100%| O|  |TAMS 0x00000000ccd00000, 0x00000000ccd00000| Untracked 
|  58|0x00000000cce00000, 0x00000000ccf00000, 0x00000000ccf00000|100%| O|  |TAMS 0x00000000cce00000, 0x00000000cce00000| Untracked 
|  59|0x00000000ccf00000, 0x00000000cd000000, 0x00000000cd000000|100%| O|  |TAMS 0x00000000ccf00000, 0x00000000ccf00000| Untracked 
|  60|0x00000000cd000000, 0x00000000cd100000, 0x00000000cd100000|100%| O|  |TAMS 0x00000000cd000000, 0x00000000cd000000| Untracked 
|  61|0x00000000cd100000, 0x00000000cd178600, 0x00000000cd200000| 47%| O|  |TAMS 0x00000000cd100000, 0x00000000cd100000| Untracked 
|  62|0x00000000cd200000, 0x00000000cd300000, 0x00000000cd300000|100%|HS|  |TAMS 0x00000000cd200000, 0x00000000cd200000| Complete 
|  63|0x00000000cd300000, 0x00000000cd400000, 0x00000000cd400000|100%|HC|  |TAMS 0x00000000cd300000, 0x00000000cd300000| Complete 
|  64|0x00000000cd400000, 0x00000000cd400000, 0x00000000cd500000|  0%| F|  |TAMS 0x00000000cd400000, 0x00000000cd400000| Untracked 
|  65|0x00000000cd500000, 0x00000000cd500000, 0x00000000cd600000|  0%| F|  |TAMS 0x00000000cd500000, 0x00000000cd500000| Untracked 
|  66|0x00000000cd600000, 0x00000000cd600000, 0x00000000cd700000|  0%| F|  |TAMS 0x00000000cd600000, 0x00000000cd600000| Untracked 
|  67|0x00000000cd700000, 0x00000000cd700000, 0x00000000cd800000|  0%| F|  |TAMS 0x00000000cd700000, 0x00000000cd700000| Untracked 
|  68|0x00000000cd800000, 0x00000000cd800000, 0x00000000cd900000|  0%| F|  |TAMS 0x00000000cd800000, 0x00000000cd800000| Untracked 
|  69|0x00000000cd900000, 0x00000000cd900000, 0x00000000cda00000|  0%| F|  |TAMS 0x00000000cd900000, 0x00000000cd900000| Untracked 
|  70|0x00000000cda00000, 0x00000000cda00000, 0x00000000cdb00000|  0%| F|  |TAMS 0x00000000cda00000, 0x00000000cda00000| Untracked 
|  71|0x00000000cdb00000, 0x00000000cdb00000, 0x00000000cdc00000|  0%| F|  |TAMS 0x00000000cdb00000, 0x00000000cdb00000| Untracked 
|  72|0x00000000cdc00000, 0x00000000cdc00000, 0x00000000cdd00000|  0%| F|  |TAMS 0x00000000cdc00000, 0x00000000cdc00000| Untracked 
|  73|0x00000000cdd00000, 0x00000000cdd00000, 0x00000000cde00000|  0%| F|  |TAMS 0x00000000cdd00000, 0x00000000cdd00000| Untracked 
|  74|0x00000000cde00000, 0x00000000cde00000, 0x00000000cdf00000|  0%| F|  |TAMS 0x00000000cde00000, 0x00000000cde00000| Untracked 
|  75|0x00000000cdf00000, 0x00000000cdf00000, 0x00000000ce000000|  0%| F|  |TAMS 0x00000000cdf00000, 0x00000000cdf00000| Untracked 
|  76|0x00000000ce000000, 0x00000000ce000000, 0x00000000ce100000|  0%| F|  |TAMS 0x00000000ce000000, 0x00000000ce000000| Untracked 
|  77|0x00000000ce100000, 0x00000000ce100000, 0x00000000ce200000|  0%| F|  |TAMS 0x00000000ce100000, 0x00000000ce100000| Untracked 
|  78|0x00000000ce200000, 0x00000000ce200000, 0x00000000ce300000|  0%| F|  |TAMS 0x00000000ce200000, 0x00000000ce200000| Untracked 
|  79|0x00000000ce300000, 0x00000000ce3e0280, 0x00000000ce400000| 87%| S|CS|TAMS 0x00000000ce300000, 0x00000000ce300000| Complete 
|  80|0x00000000ce400000, 0x00000000ce500000, 0x00000000ce500000|100%| S|CS|TAMS 0x00000000ce400000, 0x00000000ce400000| Complete 
|  81|0x00000000ce500000, 0x00000000ce500000, 0x00000000ce600000|  0%| F|  |TAMS 0x00000000ce500000, 0x00000000ce500000| Untracked 
|  82|0x00000000ce600000, 0x00000000ce600000, 0x00000000ce700000|  0%| F|  |TAMS 0x00000000ce600000, 0x00000000ce600000| Untracked 
|  83|0x00000000ce700000, 0x00000000ce700000, 0x00000000ce800000|  0%| F|  |TAMS 0x00000000ce700000, 0x00000000ce700000| Untracked 
|  84|0x00000000ce800000, 0x00000000ce800000, 0x00000000ce900000|  0%| F|  |TAMS 0x00000000ce800000, 0x00000000ce800000| Untracked 
|  85|0x00000000ce900000, 0x00000000ce900000, 0x00000000cea00000|  0%| F|  |TAMS 0x00000000ce900000, 0x00000000ce900000| Untracked 
|  86|0x00000000cea00000, 0x00000000cea00000, 0x00000000ceb00000|  0%| F|  |TAMS 0x00000000cea00000, 0x00000000cea00000| Untracked 
|  87|0x00000000ceb00000, 0x00000000ceb00000, 0x00000000cec00000|  0%| F|  |TAMS 0x00000000ceb00000, 0x00000000ceb00000| Untracked 
|  88|0x00000000cec00000, 0x00000000cec00000, 0x00000000ced00000|  0%| F|  |TAMS 0x00000000cec00000, 0x00000000cec00000| Untracked 
|  89|0x00000000ced00000, 0x00000000ced00000, 0x00000000cee00000|  0%| F|  |TAMS 0x00000000ced00000, 0x00000000ced00000| Untracked 
|  90|0x00000000cee00000, 0x00000000cee00000, 0x00000000cef00000|  0%| F|  |TAMS 0x00000000cee00000, 0x00000000cee00000| Untracked 
|  91|0x00000000cef00000, 0x00000000cef00000, 0x00000000cf000000|  0%| F|  |TAMS 0x00000000cef00000, 0x00000000cef00000| Untracked 
|  92|0x00000000cf000000, 0x00000000cf000000, 0x00000000cf100000|  0%| F|  |TAMS 0x00000000cf000000, 0x00000000cf000000| Untracked 
|  93|0x00000000cf100000, 0x00000000cf100000, 0x00000000cf200000|  0%| F|  |TAMS 0x00000000cf100000, 0x00000000cf100000| Untracked 
|  94|0x00000000cf200000, 0x00000000cf200000, 0x00000000cf300000|  0%| F|  |TAMS 0x00000000cf200000, 0x00000000cf200000| Untracked 
|  95|0x00000000cf300000, 0x00000000cf300000, 0x00000000cf400000|  0%| F|  |TAMS 0x00000000cf300000, 0x00000000cf300000| Untracked 
|  96|0x00000000cf400000, 0x00000000cf400000, 0x00000000cf500000|  0%| F|  |TAMS 0x00000000cf400000, 0x00000000cf400000| Untracked 
|  97|0x00000000cf500000, 0x00000000cf500000, 0x00000000cf600000|  0%| F|  |TAMS 0x00000000cf500000, 0x00000000cf500000| Untracked 
|  98|0x00000000cf600000, 0x00000000cf600000, 0x00000000cf700000|  0%| F|  |TAMS 0x00000000cf600000, 0x00000000cf600000| Untracked 
|  99|0x00000000cf700000, 0x00000000cf700000, 0x00000000cf800000|  0%| F|  |TAMS 0x00000000cf700000, 0x00000000cf700000| Untracked 
| 100|0x00000000cf800000, 0x00000000cf800000, 0x00000000cf900000|  0%| F|  |TAMS 0x00000000cf800000, 0x00000000cf800000| Untracked 
| 101|0x00000000cf900000, 0x00000000cf900000, 0x00000000cfa00000|  0%| F|  |TAMS 0x00000000cf900000, 0x00000000cf900000| Untracked 
| 102|0x00000000cfa00000, 0x00000000cfa00000, 0x00000000cfb00000|  0%| F|  |TAMS 0x00000000cfa00000, 0x00000000cfa00000| Untracked 
| 103|0x00000000cfb00000, 0x00000000cfb00000, 0x00000000cfc00000|  0%| F|  |TAMS 0x00000000cfb00000, 0x00000000cfb00000| Untracked 
| 104|0x00000000cfc00000, 0x00000000cfc00000, 0x00000000cfd00000|  0%| F|  |TAMS 0x00000000cfc00000, 0x00000000cfc00000| Untracked 

Card table byte_map: [0x000002a8bccb0000,0x000002a8bce70000] _byte_map_base: 0x000002a8bc666000

Marking Bits (Prev, Next): (CMBitMap*) 0x000002a8aa807c70, (CMBitMap*) 0x000002a8aa807c30
 Prev Bits: [0x000002a8bdde0000, 0x000002a8beb90000)
 Next Bits: [0x000002a8bd030000, 0x000002a8bdde0000)

Polling page: 0x000002a8a86f0000

Metaspace:

Usage:
  Non-class:     55.48 MB used.
      Class:      7.10 MB used.
       Both:     62.58 MB used.

Virtual space:
  Non-class space:       64.00 MB reserved,      55.62 MB ( 87%) committed,  1 nodes.
      Class space:        1.00 GB reserved,       7.25 MB ( <1%) committed,  1 nodes.
             Both:        1.06 GB reserved,      62.88 MB (  6%) committed. 

Chunk freelists:
   Non-Class:  7.98 MB
       Class:  8.75 MB
        Both:  16.73 MB

MaxMetaspaceSize: unlimited
CompressedClassSpaceSize: 1.00 GB
Initial GC threshold: 21.00 MB
Current GC threshold: 103.12 MB
CDS: off
MetaspaceReclaimPolicy: balanced
 - commit_granule_bytes: 65536.
 - commit_granule_words: 8192.
 - virtual_space_node_default_size: 8388608.
 - enlarge_chunks_in_place: 1.
 - new_chunks_are_fully_committed: 0.
 - uncommit_free_chunks: 1.
 - use_allocation_guard: 0.
 - handle_deallocations: 1.


Internal statistics:

num_allocs_failed_limit: 6.
num_arena_births: 290.
num_arena_deaths: 0.
num_vsnodes_births: 2.
num_vsnodes_deaths: 0.
num_space_committed: 1004.
num_space_uncommitted: 0.
num_chunks_returned_to_freelist: 6.
num_chunks_taken_from_freelist: 2361.
num_chunk_merges: 6.
num_chunk_splits: 1883.
num_chunks_enlarged: 1621.
num_inconsistent_stats: 0.

CodeHeap 'non-profiled nmethods': size=120000Kb used=3337Kb max_used=3337Kb free=116662Kb
 bounds [0x000002a8b5780000, 0x000002a8b5ad0000, 0x000002a8bccb0000]
CodeHeap 'profiled nmethods': size=120000Kb used=21781Kb max_used=21781Kb free=98218Kb
 bounds [0x000002a8adcb0000, 0x000002a8af200000, 0x000002a8b51e0000]
CodeHeap 'non-nmethods': size=5760Kb used=1302Kb max_used=1356Kb free=4457Kb
 bounds [0x000002a8b51e0000, 0x000002a8b5450000, 0x000002a8b5780000]
 total_blobs=9896 nmethods=9287 adapters=518
 compilation: enabled
              stopped_count=0, restarted_count=0
 full_count=0

Compilation events (20 events):
Event: 15.525 Thread 0x000002a8c11a7930 nmethod 10225 0x000002a8af1f3810 code [0x000002a8af1f39a0, 0x000002a8af1f3b18]
Event: 15.525 Thread 0x000002a8c11a7930 10226       3       org.jetbrains.kotlin.types.expressions.FunctionsTypingVisitor::<init> (12 bytes)
Event: 15.526 Thread 0x000002a8c11a7930 nmethod 10226 0x000002a8af1f3b90 code [0x000002a8af1f3e00, 0x000002a8af1f47d8]
Event: 15.528 Thread 0x000002a8c11a7930 10227       3       org.jetbrains.kotlin.descriptors.impl.PropertyDescriptorImpl::setOverriddenDescriptors (15 bytes)
Event: 15.528 Thread 0x000002a8c11a7930 nmethod 10227 0x000002a8af1f4b90 code [0x000002a8af1f4d40, 0x000002a8af1f4f08]
Event: 15.529 Thread 0x000002a8c11a7930 10228       3       org.jetbrains.kotlin.resolve.calls.smartcasts.IdentifierInfo$Qualified::hashCode (19 bytes)
Event: 15.529 Thread 0x000002a8c11a7930 nmethod 10228 0x000002a8af1f4f90 code [0x000002a8af1f5140, 0x000002a8af1f53f8]
Event: 15.531 Thread 0x000002a8c11a6e80 nmethod 10222 0x000002a8b5ac0610 code [0x000002a8b5ac0820, 0x000002a8b5ac0f48]
Event: 15.531 Thread 0x000002a8c11a6e80 10223       4       org.jetbrains.kotlin.psi.KtPsiUtil::deparenthesizeOnce (68 bytes)
Event: 15.532 Thread 0x000002a8c11a7930 10229       3       org.jetbrains.kotlin.descriptors.impl.ModuleAwareClassDescriptorKt::getRefinedUnsubstitutedMemberScopeIfPossible (21 bytes)
Event: 15.532 Thread 0x000002a8c11a6e80 nmethod 10223 0x000002a8b5ac1990 code [0x000002a8b5ac1b20, 0x000002a8b5ac1c58]
Event: 15.532 Thread 0x000002a8c11a6e80 10211       4       org.jetbrains.kotlin.name.FqNameUnsafe::asString (13 bytes)
Event: 15.533 Thread 0x000002a8c11a6e80 nmethod 10211 0x000002a8b5ac1d90 code [0x000002a8b5ac1f00, 0x000002a8b5ac1f98]
Event: 15.533 Thread 0x000002a8c11a6e80 10214       4       org.jetbrains.kotlin.resolve.calls.smartcasts.IdentifierInfo::getKind (4 bytes)
Event: 15.533 Thread 0x000002a8c11a6e80 nmethod 10214 0x000002a8b5ac2090 code [0x000002a8b5ac2200, 0x000002a8b5ac2278]
Event: 15.533 Thread 0x000002a8c11a7930 nmethod 10229 0x000002a8af1f5510 code [0x000002a8af1f57a0, 0x000002a8af1f61c8]
Event: 15.533 Thread 0x000002a8c11a6e80 10158       4       org.jetbrains.kotlin.resolve.calls.inference.model.ConstraintStorage$Empty::getConstraintsFromAllForkPoints (4 bytes)
Event: 15.533 Thread 0x000002a8c11a6e80 nmethod 10158 0x000002a8b5ac2390 code [0x000002a8b5ac2500, 0x000002a8b5ac2578]
Event: 15.533 Thread 0x000002a8c11a6e80 10230       4       org.jetbrains.kotlin.resolve.calls.components.ClassicTypeSystemContextForCS::typeDepth (6 bytes)
Event: 15.534 Thread 0x000002a8c11a7930 10231       3       org.jetbrains.kotlin.types.TypeUtils::isNullableType (162 bytes)

GC Heap History (20 events):
Event: 9.823 GC heap after
{Heap after GC invocations=19 (full 0):
 garbage-first heap   total 73728K, used 44284K [0x00000000c9400000, 0x0000000100000000)
  region size 1024K, 3 young (3072K), 3 survivors (3072K)
 Metaspace       used 54235K, committed 54464K, reserved 1114112K
  class space    used 6383K, committed 6464K, reserved 1048576K
}
Event: 9.860 GC heap before
{Heap before GC invocations=19 (full 0):
 garbage-first heap   total 73728K, used 45308K [0x00000000c9400000, 0x0000000100000000)
  region size 1024K, 4 young (4096K), 3 survivors (3072K)
 Metaspace       used 54271K, committed 54528K, reserved 1114112K
  class space    used 6383K, committed 6464K, reserved 1048576K
}
Event: 9.873 GC heap after
{Heap after GC invocations=20 (full 0):
 garbage-first heap   total 98304K, used 44065K [0x00000000c9400000, 0x0000000100000000)
  region size 1024K, 1 young (1024K), 1 survivors (1024K)
 Metaspace       used 54271K, committed 54528K, reserved 1114112K
  class space    used 6383K, committed 6464K, reserved 1048576K
}
Event: 10.628 GC heap before
{Heap before GC invocations=20 (full 0):
 garbage-first heap   total 98304K, used 72737K [0x00000000c9400000, 0x0000000100000000)
  region size 1024K, 29 young (29696K), 1 survivors (1024K)
 Metaspace       used 55726K, committed 55936K, reserved 1114112K
  class space    used 6515K, committed 6592K, reserved 1048576K
}
Event: 10.640 GC heap after
{Heap after GC invocations=21 (full 0):
 garbage-first heap   total 98304K, used 47595K [0x00000000c9400000, 0x0000000100000000)
  region size 1024K, 4 young (4096K), 4 survivors (4096K)
 Metaspace       used 55726K, committed 55936K, reserved 1114112K
  class space    used 6515K, committed 6592K, reserved 1048576K
}
Event: 11.659 GC heap before
{Heap before GC invocations=21 (full 0):
 garbage-first heap   total 98304K, used 74219K [0x00000000c9400000, 0x0000000100000000)
  region size 1024K, 30 young (30720K), 4 survivors (4096K)
 Metaspace       used 59878K, committed 60096K, reserved 1114112K
  class space    used 7003K, committed 7104K, reserved 1048576K
}
Event: 11.675 GC heap after
{Heap after GC invocations=22 (full 0):
 garbage-first heap   total 98304K, used 50615K [0x00000000c9400000, 0x0000000100000000)
  region size 1024K, 3 young (3072K), 3 survivors (3072K)
 Metaspace       used 59878K, committed 60096K, reserved 1114112K
  class space    used 7003K, committed 7104K, reserved 1048576K
}
Event: 12.294 GC heap before
{Heap before GC invocations=22 (full 0):
 garbage-first heap   total 98304K, used 69047K [0x00000000c9400000, 0x0000000100000000)
  region size 1024K, 23 young (23552K), 3 survivors (3072K)
 Metaspace       used 60850K, committed 61120K, reserved 1114112K
  class space    used 7080K, committed 7168K, reserved 1048576K
}
Event: 12.308 GC heap after
{Heap after GC invocations=23 (full 0):
 garbage-first heap   total 98304K, used 53864K [0x00000000c9400000, 0x0000000100000000)
  region size 1024K, 4 young (4096K), 4 survivors (4096K)
 Metaspace       used 60850K, committed 61120K, reserved 1114112K
  class space    used 7080K, committed 7168K, reserved 1048576K
}
Event: 12.956 GC heap before
{Heap before GC invocations=24 (full 0):
 garbage-first heap   total 106496K, used 77416K [0x00000000c9400000, 0x0000000100000000)
  region size 1024K, 26 young (26624K), 4 survivors (4096K)
 Metaspace       used 62057K, committed 62336K, reserved 1114112K
  class space    used 7169K, committed 7296K, reserved 1048576K
}
Event: 12.968 GC heap after
{Heap after GC invocations=25 (full 0):
 garbage-first heap   total 106496K, used 57195K [0x00000000c9400000, 0x0000000100000000)
  region size 1024K, 4 young (4096K), 4 survivors (4096K)
 Metaspace       used 62057K, committed 62336K, reserved 1114112K
  class space    used 7169K, committed 7296K, reserved 1048576K
}
Event: 13.006 GC heap before
{Heap before GC invocations=25 (full 0):
 garbage-first heap   total 106496K, used 58219K [0x00000000c9400000, 0x0000000100000000)
  region size 1024K, 5 young (5120K), 4 survivors (4096K)
 Metaspace       used 62092K, committed 62336K, reserved 1114112K
  class space    used 7180K, committed 7296K, reserved 1048576K
}
Event: 13.015 GC heap after
{Heap after GC invocations=26 (full 0):
 garbage-first heap   total 106496K, used 57231K [0x00000000c9400000, 0x0000000100000000)
  region size 1024K, 1 young (1024K), 1 survivors (1024K)
 Metaspace       used 62092K, committed 62336K, reserved 1114112K
  class space    used 7180K, committed 7296K, reserved 1048576K
}
Event: 13.792 GC heap before
{Heap before GC invocations=26 (full 0):
 garbage-first heap   total 106496K, used 81807K [0x00000000c9400000, 0x0000000100000000)
  region size 1024K, 26 young (26624K), 1 survivors (1024K)
 Metaspace       used 62863K, committed 63168K, reserved 1114112K
  class space    used 7215K, committed 7360K, reserved 1048576K
}
Event: 13.802 GC heap after
{Heap after GC invocations=27 (full 0):
 garbage-first heap   total 106496K, used 60138K [0x00000000c9400000, 0x0000000100000000)
  region size 1024K, 4 young (4096K), 4 survivors (4096K)
 Metaspace       used 62863K, committed 63168K, reserved 1114112K
  class space    used 7215K, committed 7360K, reserved 1048576K
}
Event: 14.599 GC heap before
{Heap before GC invocations=28 (full 0):
 garbage-first heap   total 107520K, used 83690K [0x00000000c9400000, 0x0000000100000000)
  region size 1024K, 27 young (27648K), 4 survivors (4096K)
 Metaspace       used 63510K, committed 63808K, reserved 1114112K
  class space    used 7244K, committed 7424K, reserved 1048576K
}
Event: 14.609 GC heap after
{Heap after GC invocations=29 (full 0):
 garbage-first heap   total 107520K, used 62424K [0x00000000c9400000, 0x0000000100000000)
  region size 1024K, 3 young (3072K), 3 survivors (3072K)
 Metaspace       used 63510K, committed 63808K, reserved 1114112K
  class space    used 7244K, committed 7424K, reserved 1048576K
}
Event: 14.664 GC heap before
{Heap before GC invocations=29 (full 0):
 garbage-first heap   total 107520K, used 64472K [0x00000000c9400000, 0x0000000100000000)
  region size 1024K, 5 young (5120K), 3 survivors (3072K)
 Metaspace       used 63512K, committed 63808K, reserved 1114112K
  class space    used 7244K, committed 7424K, reserved 1048576K
}
Event: 14.674 GC heap after
{Heap after GC invocations=30 (full 0):
 garbage-first heap   total 107520K, used 62369K [0x00000000c9400000, 0x0000000100000000)
  region size 1024K, 1 young (1024K), 1 survivors (1024K)
 Metaspace       used 63512K, committed 63808K, reserved 1114112K
  class space    used 7244K, committed 7424K, reserved 1048576K
}
Event: 15.535 GC heap before
{Heap before GC invocations=30 (full 0):
 garbage-first heap   total 107520K, used 87969K [0x00000000c9400000, 0x0000000100000000)
  region size 1024K, 24 young (24576K), 1 survivors (1024K)
 Metaspace       used 64081K, committed 64384K, reserved 1114112K
  class space    used 7271K, committed 7424K, reserved 1048576K
}

Dll operation events (2 events):
Event: 0.013 Loaded shared library C:\Program Files\Android\Android Studio\jbr\bin\java.dll
Event: 3.699 Loaded shared library C:\Program Files\Android\Android Studio\jbr\bin\verify.dll

Deoptimization events (20 events):
Event: 14.722 Thread 0x000002a8aa7d1b80 DEOPT PACKING pc=0x000002a8b5900540 sp=0x000000dd191f57b0
Event: 14.722 Thread 0x000002a8aa7d1b80 DEOPT UNPACKING pc=0x000002a8b52369a3 sp=0x000000dd191f55f0 mode 2
Event: 14.776 Thread 0x000002a8aa7d1b80 DEOPT PACKING pc=0x000002a8adcb654d sp=0x000000dd191f96c0
Event: 14.776 Thread 0x000002a8aa7d1b80 DEOPT UNPACKING pc=0x000002a8b5237143 sp=0x000000dd191f8b50 mode 0
Event: 14.842 Thread 0x000002a8aa7d1b80 Uncommon trap: trap_request=0xffffffde fr.pc=0x000002a8b57852f4 relative=0x0000000000000834
Event: 14.842 Thread 0x000002a8aa7d1b80 Uncommon trap: reason=class_check action=maybe_recompile pc=0x000002a8b57852f4 method=kotlin.collections.CollectionsKt__MutableCollectionsKt.addAll(Ljava/util/Collection;Ljava/lang/Iterable;)Z @ 59 c2
Event: 14.842 Thread 0x000002a8aa7d1b80 DEOPT PACKING pc=0x000002a8b57852f4 sp=0x000000dd191f6700
Event: 14.842 Thread 0x000002a8aa7d1b80 DEOPT UNPACKING pc=0x000002a8b52369a3 sp=0x000000dd191f66f0 mode 2
Event: 14.936 Thread 0x000002a8aa7d1b80 Uncommon trap: trap_request=0xffffffde fr.pc=0x000002a8b57852f4 relative=0x0000000000000834
Event: 14.936 Thread 0x000002a8aa7d1b80 Uncommon trap: reason=class_check action=maybe_recompile pc=0x000002a8b57852f4 method=kotlin.collections.CollectionsKt__MutableCollectionsKt.addAll(Ljava/util/Collection;Ljava/lang/Iterable;)Z @ 59 c2
Event: 14.936 Thread 0x000002a8aa7d1b80 DEOPT PACKING pc=0x000002a8b57852f4 sp=0x000000dd191f65c0
Event: 14.936 Thread 0x000002a8aa7d1b80 DEOPT UNPACKING pc=0x000002a8b52369a3 sp=0x000000dd191f65b0 mode 2
Event: 15.379 Thread 0x000002a8aa7d1b80 Uncommon trap: trap_request=0xfffffff4 fr.pc=0x000002a8b58d59fc relative=0x00000000000000dc
Event: 15.379 Thread 0x000002a8aa7d1b80 Uncommon trap: reason=null_check action=make_not_entrant pc=0x000002a8b58d59fc method=org.jetbrains.kotlin.psi.KtPsiUtil.deparenthesizeOnce(Lorg/jetbrains/kotlin/psi/KtExpression;Z)Lorg/jetbrains/kotlin/psi/KtExpression; @ 1 c2
Event: 15.379 Thread 0x000002a8aa7d1b80 DEOPT PACKING pc=0x000002a8b58d59fc sp=0x000000dd191e8660
Event: 15.379 Thread 0x000002a8aa7d1b80 DEOPT UNPACKING pc=0x000002a8b52369a3 sp=0x000000dd191e85f0 mode 2
Event: 15.510 Thread 0x000002a8aa7d1b80 Uncommon trap: trap_request=0xffffffde fr.pc=0x000002a8b57852f4 relative=0x0000000000000834
Event: 15.510 Thread 0x000002a8aa7d1b80 Uncommon trap: reason=class_check action=maybe_recompile pc=0x000002a8b57852f4 method=kotlin.collections.CollectionsKt__MutableCollectionsKt.addAll(Ljava/util/Collection;Ljava/lang/Iterable;)Z @ 59 c2
Event: 15.510 Thread 0x000002a8aa7d1b80 DEOPT PACKING pc=0x000002a8b57852f4 sp=0x000000dd191f6450
Event: 15.510 Thread 0x000002a8aa7d1b80 DEOPT UNPACKING pc=0x000002a8b52369a3 sp=0x000000dd191f6440 mode 2

Classes unloaded (0 events):
No events

Classes redefined (0 events):
No events

Internal exceptions (20 events):
Event: 8.604 Thread 0x000002a8aa7d1b80 Exception <a 'java/lang/NoSuchMethodError'{0x00000000cd869368}: 'java.lang.Object java.lang.invoke.DirectMethodHandle$Holder.newInvokeSpecial(java.lang.Object, java.lang.Object, java.lang.Object, java.lang.Object, java.lang.Object, java.lang.Object)'> (0x00000000cd869368) 
thrown [s\src\hotspot\share\interpreter\linkResolver.cpp, line 771]
Event: 8.970 Thread 0x000002a8aa7d1b80 Implicit null exception at 0x000002a8b590608a to 0x000002a8b59062e8
Event: 9.009 Thread 0x000002a8aa7d1b80 Implicit null exception at 0x000002a8b57d270e to 0x000002a8b57d2968
Event: 9.653 Thread 0x000002a8aa7d1b80 Exception <a 'java/lang/NoSuchMethodError'{0x00000000cd013d00}: 'java.lang.Object java.lang.invoke.DirectMethodHandle$Holder.invokeStaticInit(java.lang.Object, java.lang.Object, java.lang.Object)'> (0x00000000cd013d00) 
thrown [s\src\hotspot\share\interpreter\linkResolver.cpp, line 771]
Event: 10.681 Thread 0x000002a8aa7d1b80 Implicit null exception at 0x000002a8b5873189 to 0x000002a8b5873270
Event: 10.681 Thread 0x000002a8aa7d1b80 Implicit null exception at 0x000002a8b57eeb58 to 0x000002a8b57eebea
Event: 10.711 Thread 0x000002a8aa7d1b80 Implicit null exception at 0x000002a8b57e6b0f to 0x000002a8b57e6b85
Event: 10.981 Thread 0x000002a8aa7d1b80 Exception <a 'java/lang/NoSuchMethodError'{0x00000000cede4040}: 'java.lang.Object java.lang.invoke.DirectMethodHandle$Holder.invokeInterface(java.lang.Object, java.lang.Object, java.lang.Object)'> (0x00000000cede4040) 
thrown [s\src\hotspot\share\interpreter\linkResolver.cpp, line 771]
Event: 10.981 Thread 0x000002a8aa7d1b80 Exception <a 'java/lang/IncompatibleClassChangeError'{0x00000000cede79b0}: Found class java.lang.Object, but interface was expected> (0x00000000cede79b0) 
thrown [s\src\hotspot\share\interpreter\linkResolver.cpp, line 838]
Event: 11.272 Thread 0x000002a8aa7d1b80 Exception <a 'java/lang/NoSuchMethodError'{0x00000000ce6f8248}: 'java.lang.Object java.lang.invoke.DirectMethodHandle$Holder.invokeStatic(java.lang.Object, java.lang.Object, java.lang.Object, java.lang.Object, int)'> (0x00000000ce6f8248) 
thrown [s\src\hotspot\share\interpreter\linkResolver.cpp, line 771]
Event: 11.274 Thread 0x000002a8aa7d1b80 Exception <a 'java/lang/NoSuchMethodError'{0x00000000ce502898}: 'java.lang.Object java.lang.invoke.DirectMethodHandle$Holder.newInvokeSpecial(java.lang.Object, java.lang.Object, java.lang.Object, java.lang.Object, int)'> (0x00000000ce502898) 
thrown [s\src\hotspot\share\interpreter\linkResolver.cpp, line 771]
Event: 11.275 Thread 0x000002a8aa7d1b80 Exception <a 'java/lang/NoSuchMethodError'{0x00000000ce50aeb8}: 'java.lang.Object java.lang.invoke.Invokers$Holder.linkToTargetMethod(java.lang.Object, java.lang.Object, java.lang.Object, int, java.lang.Object)'> (0x00000000ce50aeb8) 
thrown [s\src\hotspot\share\interpreter\linkResolver.cpp, line 771]
Event: 11.505 Thread 0x000002a8aa7d1b80 Exception <a 'java/lang/NoSuchMethodError'{0x00000000ce0da7a8}: 'int java.lang.invoke.DirectMethodHandle$Holder.invokeStaticInit(java.lang.Object, int)'> (0x00000000ce0da7a8) 
thrown [s\src\hotspot\share\interpreter\linkResolver.cpp, line 771]
Event: 11.969 Thread 0x000002a8aa7d1b80 Exception <a 'java/lang/NoSuchMethodError'{0x00000000ce7292f8}: 'java.lang.Object java.lang.invoke.DirectMethodHandle$Holder.newInvokeSpecial(java.lang.Object, java.lang.Object, java.lang.Object, java.lang.Object, java.lang.Object, java.lang.Object, java.lang.Object)'> (0x00000000ce7292f8) 
thrown [s\src\hotspot\share\interpreter\linkResolver.cpp, line 771]
Event: 11.970 Thread 0x000002a8aa7d1b80 Exception <a 'java/lang/NoSuchMethodError'{0x00000000ce72e400}: 'java.lang.Object java.lang.invoke.Invokers$Holder.linkToTargetMethod(java.lang.Object, java.lang.Object, java.lang.Object, java.lang.Object, java.lang.Object, java.lang.Object, java.lang.Object)'> (0x00000000ce72e400) 
thrown [s\src\hotspot\share\interpreter\linkResolver.cpp, line 771]
Event: 12.067 Thread 0x000002a8aa7d1b80 Exception <a 'java/lang/NoSuchMethodError'{0x00000000ce4553e8}: 'int java.lang.invoke.DirectMethodHandle$Holder.invokeInterface(java.lang.Object, java.lang.Object)'> (0x00000000ce4553e8) 
thrown [s\src\hotspot\share\interpreter\linkResolver.cpp, line 771]
Event: 12.256 Thread 0x000002a8aa7d1b80 Exception <a 'java/lang/NoSuchMethodError'{0x00000000ce120478}: 'java.lang.Object java.lang.invoke.DirectMethodHandle$Holder.newInvokeSpecial(java.lang.Object, int, java.lang.Object)'> (0x00000000ce120478) 
thrown [s\src\hotspot\share\interpreter\linkResolver.cpp, line 771]
Event: 13.262 Thread 0x000002a8aa7d1b80 Exception <a 'java/lang/NoSuchMethodError'{0x00000000cf381e98}: 'java.lang.Object java.lang.invoke.DirectMethodHandle$Holder.invokeStatic(java.lang.Object, int, java.lang.Object)'> (0x00000000cf381e98) 
thrown [s\src\hotspot\share\interpreter\linkResolver.cpp, line 771]
Event: 14.384 Thread 0x000002a8aa7d1b80 Implicit null exception at 0x000002a8b5a6d984 to 0x000002a8b5a6e64c
Event: 15.379 Thread 0x000002a8aa7d1b80 Implicit null exception at 0x000002a8b58d592c to 0x000002a8b58d59ec

VM Operations (20 events):
Event: 14.059 Executing VM operation: HandshakeAllThreads done
Event: 14.183 Executing VM operation: ICBufferFull
Event: 14.183 Executing VM operation: ICBufferFull done
Event: 14.350 Executing VM operation: ICBufferFull
Event: 14.350 Executing VM operation: ICBufferFull done
Event: 14.594 Executing VM operation: ICBufferFull
Event: 14.595 Executing VM operation: ICBufferFull done
Event: 14.599 Executing VM operation: G1CollectForAllocation
Event: 14.609 Executing VM operation: G1CollectForAllocation done
Event: 14.663 Executing VM operation: G1CollectForAllocation
Event: 14.674 Executing VM operation: G1CollectForAllocation done
Event: 14.796 Executing VM operation: ICBufferFull
Event: 14.796 Executing VM operation: ICBufferFull done
Event: 14.865 Executing VM operation: ICBufferFull
Event: 14.865 Executing VM operation: ICBufferFull done
Event: 15.024 Executing VM operation: ICBufferFull
Event: 15.024 Executing VM operation: ICBufferFull done
Event: 15.482 Executing VM operation: ICBufferFull
Event: 15.482 Executing VM operation: ICBufferFull done
Event: 15.535 Executing VM operation: G1CollectForAllocation

Events (20 events):
Event: 12.694 Thread 0x000002a8c1408070 flushing nmethod 0x000002a8ae932e90
Event: 12.694 Thread 0x000002a8c1408070 flushing nmethod 0x000002a8ae940390
Event: 12.694 Thread 0x000002a8c1408070 flushing nmethod 0x000002a8ae944110
Event: 12.694 Thread 0x000002a8c1408070 flushing nmethod 0x000002a8ae950010
Event: 12.694 Thread 0x000002a8c1408070 flushing nmethod 0x000002a8ae954810
Event: 12.694 Thread 0x000002a8c1408070 flushing nmethod 0x000002a8ae960510
Event: 12.694 Thread 0x000002a8c1408070 flushing nmethod 0x000002a8ae9a0690
Event: 12.694 Thread 0x000002a8c1408070 flushing nmethod 0x000002a8ae9a6a90
Event: 12.694 Thread 0x000002a8c1408070 flushing nmethod 0x000002a8ae9b1d10
Event: 12.695 Thread 0x000002a8c1408070 flushing nmethod 0x000002a8aea09710
Event: 12.695 Thread 0x000002a8c1408070 flushing nmethod 0x000002a8aea16490
Event: 12.695 Thread 0x000002a8c1408070 flushing nmethod 0x000002a8aea17210
Event: 12.695 Thread 0x000002a8c1408070 flushing nmethod 0x000002a8aea1eb10
Event: 12.695 Thread 0x000002a8c1408070 flushing nmethod 0x000002a8aea59390
Event: 12.695 Thread 0x000002a8c1408070 flushing nmethod 0x000002a8aea7c010
Event: 12.695 Thread 0x000002a8c1408070 flushing nmethod 0x000002a8aea7e710
Event: 12.696 Thread 0x000002a8c1408070 flushing nmethod 0x000002a8aead0910
Event: 12.697 Thread 0x000002a8c1408070 flushing nmethod 0x000002a8aebfa310
Event: 13.417 loading class java/util/Collections$CopiesList
Event: 13.418 loading class java/util/Collections$CopiesList done


Dynamic libraries:
0x00007ff76fa90000 - 0x00007ff76fa9a000 	C:\Program Files\Android\Android Studio\jbr\bin\java.exe
0x00007ffb4ded0000 - 0x00007ffb4e0c8000 	C:\Windows\SYSTEM32\ntdll.dll
0x00007ffb4c1b0000 - 0x00007ffb4c272000 	C:\Windows\System32\KERNEL32.DLL
0x00007ffb4ba10000 - 0x00007ffb4bd0e000 	C:\Windows\System32\KERNELBASE.dll
0x00007ffb4b760000 - 0x00007ffb4b860000 	C:\Windows\System32\ucrtbase.dll
0x00007ffb3e590000 - 0x00007ffb3e5ab000 	C:\Program Files\Android\Android Studio\jbr\bin\VCRUNTIME140.dll
0x00007ffb05d20000 - 0x00007ffb05d37000 	C:\Program Files\Android\Android Studio\jbr\bin\jli.dll
0x00007ffb4dc20000 - 0x00007ffb4ddbd000 	C:\Windows\System32\USER32.dll
0x00007ffb4b570000 - 0x00007ffb4b592000 	C:\Windows\System32\win32u.dll
0x00007ffb4c180000 - 0x00007ffb4c1ab000 	C:\Windows\System32\GDI32.dll
0x00007ffb35960000 - 0x00007ffb35bfa000 	C:\Windows\WinSxS\amd64_microsoft.windows.common-controls_6595b64144ccf1df_6.0.19041.4355_none_60b8b9eb71f62e16\COMCTL32.dll
0x00007ffb4b640000 - 0x00007ffb4b757000 	C:\Windows\System32\gdi32full.dll
0x00007ffb4c010000 - 0x00007ffb4c0ae000 	C:\Windows\System32\msvcrt.dll
0x00007ffb4b5a0000 - 0x00007ffb4b63d000 	C:\Windows\System32\msvcp_win.dll
0x00007ffb4bfe0000 - 0x00007ffb4c00f000 	C:\Windows\System32\IMM32.DLL
0x00007ffb45570000 - 0x00007ffb4557c000 	C:\Program Files\Android\Android Studio\jbr\bin\vcruntime140_1.dll
0x00007ffb17e70000 - 0x00007ffb17efd000 	C:\Program Files\Android\Android Studio\jbr\bin\msvcp140.dll
0x00007ffadc0e0000 - 0x00007ffadcd63000 	C:\Program Files\Android\Android Studio\jbr\bin\server\jvm.dll
0x00007ffb4ddd0000 - 0x00007ffb4de81000 	C:\Windows\System32\ADVAPI32.dll
0x00007ffb4db80000 - 0x00007ffb4dc1f000 	C:\Windows\System32\sechost.dll
0x00007ffb4c4a0000 - 0x00007ffb4c5c3000 	C:\Windows\System32\RPCRT4.dll
0x00007ffb4be50000 - 0x00007ffb4be77000 	C:\Windows\System32\bcrypt.dll
0x00007ffb40e20000 - 0x00007ffb40e47000 	C:\Windows\SYSTEM32\WINMM.dll
0x00007ffb31640000 - 0x00007ffb31649000 	C:\Windows\SYSTEM32\WSOCK32.dll
0x00007ffb4c5d0000 - 0x00007ffb4c63b000 	C:\Windows\System32\WS2_32.dll
0x00007ffb4b3d0000 - 0x00007ffb4b41b000 	C:\Windows\SYSTEM32\POWRPROF.dll
0x00007ffb40c90000 - 0x00007ffb40c9a000 	C:\Windows\SYSTEM32\VERSION.dll
0x00007ffb4b3b0000 - 0x00007ffb4b3c2000 	C:\Windows\SYSTEM32\UMPDC.dll
0x00007ffb493b0000 - 0x00007ffb493c2000 	C:\Windows\SYSTEM32\kernel.appcore.dll
0x00007ffb352e0000 - 0x00007ffb352ea000 	C:\Program Files\Android\Android Studio\jbr\bin\jimage.dll
0x00007ffb2f7d0000 - 0x00007ffb2f9b4000 	C:\Windows\SYSTEM32\DBGHELP.DLL
0x00007ffb2f750000 - 0x00007ffb2f784000 	C:\Windows\SYSTEM32\dbgcore.DLL
0x00007ffb4bdc0000 - 0x00007ffb4be42000 	C:\Windows\System32\bcryptPrimitives.dll
0x00007ffb059a0000 - 0x00007ffb059c5000 	C:\Program Files\Android\Android Studio\jbr\bin\java.dll
0x00007ffb1c490000 - 0x00007ffb1c4a8000 	C:\Program Files\Android\Android Studio\jbr\bin\zip.dll
0x00007ffb4d410000 - 0x00007ffb4db7d000 	C:\Windows\System32\SHELL32.dll
0x00007ffb495b0000 - 0x00007ffb49d54000 	C:\Windows\SYSTEM32\windows.storage.dll
0x00007ffb4c640000 - 0x00007ffb4c993000 	C:\Windows\System32\combase.dll
0x00007ffb4aed0000 - 0x00007ffb4aefe000 	C:\Windows\SYSTEM32\Wldp.dll
0x00007ffb4c0b0000 - 0x00007ffb4c17d000 	C:\Windows\System32\OLEAUT32.dll
0x00007ffb4d360000 - 0x00007ffb4d40d000 	C:\Windows\System32\SHCORE.dll
0x00007ffb4ca80000 - 0x00007ffb4cad5000 	C:\Windows\System32\shlwapi.dll
0x00007ffb4b4a0000 - 0x00007ffb4b4c4000 	C:\Windows\SYSTEM32\profapi.dll
0x00007ffb1c470000 - 0x00007ffb1c489000 	C:\Program Files\Android\Android Studio\jbr\bin\net.dll
0x00007ffb42740000 - 0x00007ffb4284d000 	C:\Windows\SYSTEM32\WINHTTP.dll
0x00007ffb4ac30000 - 0x00007ffb4ac9a000 	C:\Windows\system32\mswsock.dll
0x00007ffb070f0000 - 0x00007ffb07106000 	C:\Program Files\Android\Android Studio\jbr\bin\nio.dll
0x00007ffb15f20000 - 0x00007ffb15f30000 	C:\Program Files\Android\Android Studio\jbr\bin\verify.dll

dbghelp: loaded successfully - version: 4.0.5 - missing functions: none
symbol engine: initialized successfully - sym options: 0x614 - pdb path: .;C:\Program Files\Android\Android Studio\jbr\bin;C:\Windows\SYSTEM32;C:\Windows\WinSxS\amd64_microsoft.windows.common-controls_6595b64144ccf1df_6.0.19041.4355_none_60b8b9eb71f62e16;C:\Program Files\Android\Android Studio\jbr\bin\server

VM Arguments:
java_command: org.jetbrains.kotlin.cli.jvm.K2JVMCompiler @C:\Users\win 10\Upnews\app\build\20241221_3208402694550049741.compiler.options
java_class_path (initial): C:\Users\win 10\.gradle\caches\modules-2\files-2.1\org.jetbrains.kotlin\kotlin-compiler-embeddable\1.9.0\2c8c3a7402becca891f12739b3e9fd2dc2adbd7a\kotlin-compiler-embeddable-1.9.0.jar;C:\Users\win 10\.gradle\caches\modules-2\files-2.1\org.jetbrains.kotlin\kotlin-stdlib\1.9.0\8ee15ef0c67dc83d874f412d84378d7f0eb50b63\kotlin-stdlib-1.9.0.jar;C:\Users\win 10\.gradle\caches\modules-2\files-2.1\org.jetbrains.kotlin\kotlin-script-runtime\1.9.0\4b3102cbbb7e1b58d9d1adf89563f00069ffa7d1\kotlin-script-runtime-1.9.0.jar;C:\Users\win 10\.gradle\caches\modules-2\files-2.1\org.jetbrains.kotlin\kotlin-reflect\1.6.10\1cbe9c92c12a94eea200d23c2bbaedaf3daf5132\kotlin-reflect-1.6.10.jar;C:\Users\win 10\.gradle\caches\modules-2\files-2.1\org.jetbrains.kotlin\kotlin-daemon-embeddable\1.9.0\186543f5e28cf8d9a0290fecc2cf34301c40a65c\kotlin-daemon-embeddable-1.9.0.jar;C:\Users\win 10\.gradle\caches\modules-2\files-2.1\org.jetbrains.intellij.deps\trove4j\1.0.20200330\3afb14d5f9ceb459d724e907a21145e8ff394f02\trove4j-1.0.20200330.jar;C:\Users\win 10\.gradle\caches\modules-2\files-2.1\org.jetbrains.kotlin\kotlin-stdlib-common\1.9.0\cd65c21cfd1eec4d44ef09f9f52b6d9f8a720636\kotlin-stdlib-common-1.9.0.jar;C:\Users\win 10\.gradle\caches\modules-2\files-2.1\org.jetbrains\annotations\13.0\919f0dfe192fb4e063e7dacadee7f8bb9a2672a9\annotations-13.0.jar
Launcher Type: SUN_STANDARD

[Global flags]
     intx CICompilerCount                          = 3                                         {product} {ergonomic}
     uint ConcGCThreads                            = 1                                         {product} {ergonomic}
     uint G1ConcRefinementThreads                  = 4                                         {product} {ergonomic}
   size_t G1HeapRegionSize                         = 1048576                                   {product} {ergonomic}
    uintx GCDrainStackTargetSize                   = 64                                        {product} {ergonomic}
   size_t InitialHeapSize                          = 58720256                                  {product} {ergonomic}
   size_t MarkStackSize                            = 4194304                                   {product} {ergonomic}
   size_t MaxHeapSize                              = 918552576                                 {product} {ergonomic}
   size_t MaxNewSize                               = 550502400                                 {product} {ergonomic}
   size_t MinHeapDeltaBytes                        = 1048576                                   {product} {ergonomic}
   size_t MinHeapSize                              = 8388608                                   {product} {ergonomic}
    uintx NonNMethodCodeHeapSize                   = 5832780                                {pd product} {ergonomic}
    uintx NonProfiledCodeHeapSize                  = 122912730                              {pd product} {ergonomic}
    uintx ProfiledCodeHeapSize                     = 122912730                              {pd product} {ergonomic}
    uintx ReservedCodeCacheSize                    = 251658240                              {pd product} {ergonomic}
     bool SegmentedCodeCache                       = true                                      {product} {ergonomic}
   size_t SoftMaxHeapSize                          = 918552576                              {manageable} {ergonomic}
     bool UseCompressedClassPointers               = true                           {product lp64_product} {ergonomic}
     bool UseCompressedOops                        = true                           {product lp64_product} {ergonomic}
     bool UseG1GC                                  = true                                      {product} {ergonomic}
     bool UseLargePagesIndividualAllocation        = false                                  {pd product} {ergonomic}

Logging:
Log output configuration:
 #0: stdout all=warning uptime,level,tags
 #1: stderr all=off uptime,level,tags

Environment Variables:
JAVA_HOME=C:\Users\win 10\AppData\Local\Programs\Eclipse Adoptium\jdk-17.0.8.101-hotspot\
PATH=C:\Program Files\Common Files\Oracle\Java\javapath;C:\Program Files (x86)\Common Files\Oracle\Java\java8path;C:\Program Files (x86)\Common Files\Oracle\Java\javapath;C:\PROGRA~2\Borland\CBUILD~1\Bin;C:\PROGRA~2\Borland\CBUILD~1\Projects\Bpl;C:\Windows\system32;C:\Windows;C:\Windows\System32\Wbem;C:\Windows\System32\WindowsPowerShell\v1.0\;C:\Windows\System32\OpenSSH\;C:\Program Files\Git\cmd;C:\Program Files\nodejs\;C:\Users\win 10\AppData\Local\Programs\Python\Python311\Scripts\;C:\Users\win 10\AppData\Local\Programs\Python\Python311\;C:\Users\win 10\AppData\Roaming\npm;C:\Users\win 10\AppData\Local\Programs\Microsoft VS Code\bin
USERNAME=win 10
OS=Windows_NT
PROCESSOR_IDENTIFIER=AMD64 Family 23 Model 24 Stepping 1, AuthenticAMD
TMP=C:\Users\WIN10~1\AppData\Local\Temp
TEMP=C:\Users\WIN10~1\AppData\Local\Temp



Periodic native trim disabled

JNI global refs:
JNI global refs: 10, weak refs: 3

JNI global refs memory usage: 843, weak refs: 841

Process memory usage:
Resident Set Size: 268020K (7% of 3583736K total physical memory with 184276K free physical memory)

OOME stack traces (most recent first):
Classloader memory used:
Loader jdk.internal.loader.ClassLoaders$AppClassLoader                                 : 6590K
Loader bootstrap                                                                       : 1343K
Loader java.net.URLClassLoader                                                         : 56439B
Loader jdk.internal.reflect.DelegatingClassLoader                                      : 21623B


---------------  S Y S T E M  ---------------

OS:
 Windows 10 , 64 bit Build 19041 (10.0.19041.5198)
OS uptime: 0 days 8:17 hours
Hyper-V role detected

CPU: total 4 (initial active 4) (4 cores per cpu, 2 threads per core) family 23 model 24 stepping 1 microcode 0x0, cx8, cmov, fxsr, ht, mmx, 3dnowpref, sse, sse2, sse3, ssse3, sse4a, sse4.1, sse4.2, popcnt, lzcnt, tsc, tscinvbit, avx, avx2, aes, clmul, bmi1, bmi2, adx, sha, fma, vzeroupper, clflush, clflushopt, hv
Processor Information for all 4 processors :
  Max Mhz: 2400, Current Mhz: 2400, Mhz Limit: 2400

Memory: 4k page, system-wide physical 3499M (175M free)
TotalPageFile size 14251M (AvailPageFile size 66M)
current process WorkingSet (physical memory assigned to process): 261M, peak: 269M
current process commit charge ("private bytes"): 294M, peak: 419M

vm_info: OpenJDK 64-Bit Server VM (17.0.11+0--11852314) for windows-amd64 JRE (17.0.11+0--11852314), built on May 16 2024 21:29:20 by "androidbuild" with MS VC++ 16.10 / 16.11 (VS2019)

END.
